[2026/5/27 6:30:03] ================================================================
[2026/5/27 6:30:03] keibaOddsGetSchedule 開始
[2026/5/27 6:30:03] ================================================================
[2026/5/27 6:30:03] ブラウザ起動中...
[2026/5/27 6:30:05] [Step 1] JRAサイトにアクセス中...
[2026/5/27 6:30:09] [Step 1] 「オッズ」リンクをクリック...
[2026/5/27 6:30:13] [Step 2] 開催情報を取得中...
[2026/5/27 6:30:13] [Step 2] 開催情報 6件取得
[2026/5/27 6:30:13]   → 2回東京9日 (2026-05-23)
[2026/5/27 6:30:13]   → 3回京都9日 (2026-05-23)
[2026/5/27 6:30:13]   → 1回新潟7日 (2026-05-23)
[2026/5/27 6:30:13]   → 2回東京10日 (2026-05-24)
[2026/5/27 6:30:13]   → 3回京都10日 (2026-05-24)
[2026/5/27 6:30:13]   → 1回新潟8日 (2026-05-24)
[2026/5/27 6:30:13] 
[2026/5/27 6:30:13] ----------------------------------------------------------------
[2026/5/27 6:30:13] [Step 3] 2回東京9日 (2026-05-23) 処理開始
[2026/5/27 6:30:13] ----------------------------------------------------------------
[2026/5/27 6:30:13]   開催「2回東京9日」クリック...
[2026/5/27 6:30:16]   レース一覧: 12件確認
[2026/5/27 6:30:16]   [2回東京9日 1R] 単複ページへ遷移... (XXX 3歳未勝利牝［指定］)
[2026/5/27 6:30:19]   [2回東京9日 1R] 15頭取得
[2026/5/27 6:30:19]     馬番 1 枠1 エイシンキーンラン / 騎手:松岡 正海 / 師:田中 剛
[2026/5/27 6:30:19]     馬番 2 枠2 バイアブランカ / 騎手:津村 明秀 / 師:古賀 慎明
[2026/5/27 6:30:19]     馬番 3 枠2 ゼフィリア / 騎手:原 優介 / 師:岩戸 孝樹
[2026/5/27 6:30:19]     馬番 4 枠3 セイスイカルメン / 騎手:原田 和真 / 師:堀内 岳志
[2026/5/27 6:30:19]     馬番 5 枠3 ラヴィングリー / 騎手:荻野 極 / 師:池上 昌和
[2026/5/27 6:30:19]     馬番 6 枠4 サクラボーベル / 騎手:石川 裕紀人 / 師:森 一誠
[2026/5/27 6:30:19]     馬番 7 枠4 ハニーアンバー / 騎手:石橋 脩 / 師:小野 次郎
[2026/5/27 6:30:19]     馬番 8 枠5 ゴールドビリーヴ / 騎手:田辺 裕信 / 師:鈴木 慎太郎
[2026/5/27 6:30:19]     馬番 9 枠5 アンジュレーヌ / 騎手:北村 宏司 / 師:宮田 敬介
[2026/5/27 6:30:19]     馬番10 枠6 フレンチブラッサム / 騎手:木幡 巧也 / 師:柄崎 将寿
[2026/5/27 6:30:19]     馬番11 枠6 ミッキースワン / 騎手:長浜 鴻緒 / 師:菊沢 隆徳
[2026/5/27 6:30:19]     馬番12 枠7 ホウオウロレンシア / 騎手:佐藤 翔馬 / 師:高木 登
[2026/5/27 6:30:19]     馬番13 枠7 サーロー / 騎手:佐々木 大輔 / 師:勢司 和浩
[2026/5/27 6:30:19]     馬番14 枠8 アイアンパイク / 騎手:横山 典弘 / 師:村田 一誠
[2026/5/27 6:30:19]     馬番15 枠8 キャルキュラス / 騎手:M.ディー / 師:大竹 正博
[2026/5/27 6:30:19]   [2回東京9日 1R] レース一覧へ戻る...
[2026/5/27 6:30:20]   [2回東京9日 2R] 単複ページへ遷移... (XXX 3歳未勝利[指定])
[2026/5/27 6:30:23]   [2回東京9日 2R] 16頭取得
[2026/5/27 6:30:23]     馬番 1 枠1 ヌクレオチド / 騎手:横山 典弘 / 師:粕谷 昌央
[2026/5/27 6:30:23]     馬番 2 枠1 インスウィング / 騎手:原 優介 / 師:青木 孝文
[2026/5/27 6:30:23]     馬番 3 枠2 マッシブショット / 騎手:木幡 育也 / 師:武藤 善則
[2026/5/27 6:30:23]     馬番 4 枠2 レオスキーム / 騎手:松岡 正海 / 師:萱野 浩二
[2026/5/27 6:30:23]     馬番 5 枠3 ハクサンマンゲツ / 騎手:佐々木 大輔 / 師:菊川 正達
[2026/5/27 6:30:23]     馬番 6 枠3 バターショコラ / 騎手:荻野 極 / 師:戸田 博文
[2026/5/27 6:30:23]     馬番 7 枠4 ヤマカンドリーミン / 騎手:横山 武史 / 師:和田 勇介
[2026/5/27 6:30:23]     馬番 8 枠4 アイデアユー / 騎手:M.ディー / 師:鹿戸 雄一
[2026/5/27 6:30:23]     馬番 9 枠5 クラージュスター / 騎手:石橋 脩 / 師:勢司 和浩
[2026/5/27 6:30:23]     馬番10 枠5 リバーブレーション / 騎手:柴田 大知 / 師:清水 英克
[2026/5/27 6:30:23]     馬番11 枠6 クアラトレンガヌ / 騎手:長浜 鴻緒 / 師:小笠 倫弘
[2026/5/27 6:30:23]     馬番12 枠6 トーセンシーギリヤ / 騎手:原田 和真 / 師:蛯名 利弘
[2026/5/27 6:30:23]     馬番13 枠7 セイクリッドシチー / 騎手:江田 照男 / 師:田中 剛
[2026/5/27 6:30:23]     馬番14 枠7 ウインビギニング / 騎手:D.レーン / 師:上原 博之
[2026/5/27 6:30:23]     馬番15 枠8 フライデイゼーン / 騎手:木幡 巧也 / 師:岩戸 孝樹
[2026/5/27 6:30:23]     馬番16 枠8 プリプリプリン / 騎手:佐藤 翔馬 / 師:伊藤 圭三
[2026/5/27 6:30:23]   [2回東京9日 2R] レース一覧へ戻る...
[2026/5/27 6:30:25]   [2回東京9日 3R] 単複ページへ遷移... (XXX 3歳未勝利（混合）［指定］)
[2026/5/27 6:30:28]   [2回東京9日 3R] 13頭取得
[2026/5/27 6:30:28]     馬番 1 枠1 トーセンアミューズ / 騎手:佐藤 翔馬 / 師:加藤 征弘
[2026/5/27 6:30:28]     馬番 2 枠2 ハイテイラオユエ / 騎手:原 優介 / 師:辻 哲英
[2026/5/27 6:30:28]     馬番 3 枠3 ブラックパロット / 騎手:佐々木 大輔 / 師:手塚 貴徳
[2026/5/27 6:30:28]     馬番 4 枠4 ユイノサダハル / 騎手:江田 照男 / 師:古賀 慎明
[2026/5/27 6:30:28]     馬番 5 枠4 コスモラムバック / 騎手:木幡 巧也 / 師:水野 貴広
[2026/5/27 6:30:28]     馬番 6 枠5 クアッドフォルツァ / 騎手:M.ディー / 師:伊藤 圭三
[2026/5/27 6:30:28]     馬番 7 枠5 ウインガネーシャ / 騎手:長浜 鴻緒 / 師:高木 登
[2026/5/27 6:30:28]     馬番 8 枠6 モデレートゲイル / 騎手:吉田 豊 / 師:戸田 博文
[2026/5/27 6:30:28]     馬番 9 枠6 オーキッドワン / 騎手:柴田 大知 / 師:水野 貴広
[2026/5/27 6:30:28]     馬番10 枠7 ロイヤルタイム / 騎手:松岡 正海 / 師:和田 正一郎
[2026/5/27 6:30:28]     馬番11 枠7 グラムエッジ / 騎手:北村 宏司 / 師:手塚 貴久
[2026/5/27 6:30:28]     馬番12 枠8 ウィシェフ / 騎手:大野 拓弥 / 師:安田 翔伍
[2026/5/27 6:30:28]     馬番13 枠8 マイネルパーロル / 騎手:国分 優作 / 師:嘉藤 貴行
[2026/5/27 6:30:28]   [2回東京9日 3R] レース一覧へ戻る...
[2026/5/27 6:30:29]   [2回東京9日 4R] 単複ページへ遷移... (XXX 3歳未勝利[指定])
[2026/5/27 6:30:32]   [2回東京9日 4R] 18頭取得
[2026/5/27 6:30:32]     馬番 1 枠1 アルペンローゼ / 騎手:田辺 裕信 / 師:栗田 徹
[2026/5/27 6:30:32]     馬番 2 枠1 フクオトコ / 騎手:長浜 鴻緒 / 師:菊沢 隆徳
[2026/5/27 6:30:32]     馬番 3 枠2 ビップマリク / 騎手:吉田 豊 / 師:高柳 瑞樹
[2026/5/27 6:30:32]     馬番 4 枠2 ウィズアツインクル / 騎手:石橋 脩 / 師:牧 光二
[2026/5/27 6:30:32]     馬番 5 枠3 モストロ / 騎手:佐藤 翔馬 / 師:勢司 和浩
[2026/5/27 6:30:32]     馬番 6 枠3 レアリゼソンレーヴ / 騎手:佐々木 大輔 / 師:大竹 正博
[2026/5/27 6:30:32]     馬番 7 枠4 リトルコリンズ / 騎手:原田 和真 / 師:小手川 準
[2026/5/27 6:30:32]     馬番 8 枠4 カーヴドヴァン / 騎手:西村 太一 / 師:大和田 成
[2026/5/27 6:30:32]     馬番 9 枠5 ウインリフレクト / 騎手:木幡 巧也 / 師:嘉藤 貴行
[2026/5/27 6:30:32]     馬番10 枠5 ローレルクラウン / 騎手:松岡 正海 / 師:松尾 卓哉
[2026/5/27 6:30:32]     馬番11 枠6 エクストラダーク / 騎手:柴田 大知 / 師:和田 雄二
[2026/5/27 6:30:32]     馬番12 枠6 ウインドオブヘヴン / 騎手:M.ディー / 師:戸田 博文
[2026/5/27 6:30:32]     馬番13 枠7 フランシスガリバー / 騎手:横山 典弘 / 師:千葉 直人
[2026/5/27 6:30:32]     馬番14 枠7 ローズプリンセス / 騎手:荻野 極 / 師:上原 佑紀
[2026/5/27 6:30:32]     馬番15 枠7 キョンチャン / 騎手:江田 照男 / 師:深山 雅史
[2026/5/27 6:30:32]     馬番16 枠8 アドマイヤパープル / 騎手:津村 明秀 / 師:宮田 敬介
[2026/5/27 6:30:32]     馬番17 枠8 イーガービーバー / 騎手:国分 優作 / 師:和田 正一郎
[2026/5/27 6:30:32]     馬番18 枠8 フリーヤ / 騎手:横山 武史 / 師:鈴木 伸尋
[2026/5/27 6:30:32]   [2回東京9日 4R] レース一覧へ戻る...
[2026/5/27 6:30:33]   [2回東京9日 5R] 単複ページへ遷移... (XXX 3歳未勝利[指定])
[2026/5/27 6:30:36]   [2回東京9日 5R] 17頭取得
[2026/5/27 6:30:36]     馬番 1 枠1 レーザーキック / 騎手:佐藤 翔馬 / 師:竹内 正洋
[2026/5/27 6:30:36]     馬番 2 枠1 ヴァルカンテソーロ / 騎手:柴田 大知 / 師:嘉藤 貴行
[2026/5/27 6:30:36]     馬番 3 枠2 マイニオサラスタス / 騎手:秋山 稔樹 / 師:石栗 龍彦
[2026/5/27 6:30:36]     馬番 4 枠2 ビリージェイ / 騎手:大野 拓弥 / 師:高柳 瑞樹
[2026/5/27 6:30:36]     馬番 5 枠3 フォーアライター / 騎手:長浜 鴻緒 / 師:矢嶋 大樹
[2026/5/27 6:30:36]     馬番 6 枠3 ファランギーナ / 騎手:荻野 極 / 師:福永 祐一
[2026/5/27 6:30:36]     馬番 7 枠4 ボニープリンス / 騎手:D.レーン / 師:大竹 正博
[2026/5/27 6:30:36]     馬番 8 枠4 ブルーリファール / 騎手:石橋 脩 / 師:小野 次郎
[2026/5/27 6:30:36]     馬番 9 枠5 ジャケットポケット / 騎手:石川 裕紀人 / 師:奥村 武
[2026/5/27 6:30:36]     馬番10 枠5 ドロワ / 騎手:江田 照男 / 師:室井 潔
[2026/5/27 6:30:36]     馬番11 枠6 ラインクインビー / 騎手:木幡 巧也 / 師:水野 貴広
[2026/5/27 6:30:36]     馬番12 枠6 セイントクーヤ / 騎手:原 優介 / 師:黒岩 陽一
[2026/5/27 6:30:36]     馬番13 枠7 シャイニングスター / 騎手:M.ディー / 師:小椋 研介
[2026/5/27 6:30:36]     馬番14 枠7 インドミタビリティ / 騎手:C.ルメール / 師:杉山 晴紀
[2026/5/27 6:30:36]     馬番15 枠8 ヤマメホープ / 騎手:田辺 裕信 / 師:久保田 貴士
[2026/5/27 6:30:36]     馬番16 枠8 ソナタムーンライト / 騎手:松岡 正海 / 師:堀内 岳志
[2026/5/27 6:30:36]     馬番17 枠8 メテオレムナント / 騎手:佐々木 大輔 / 師:中川 公成
[2026/5/27 6:30:36]   [2回東京9日 5R] レース一覧へ戻る...
[2026/5/27 6:30:38]   [2回東京9日 6R] 単複ページへ遷移... (XXX 3歳1勝クラス（混合）［指定］)
[2026/5/27 6:30:41]   [2回東京9日 6R] 14頭取得
[2026/5/27 6:30:41]     馬番 1 枠1 スカイストライプス / 騎手:C.ルメール / 師:安田 翔伍
[2026/5/27 6:30:41]     馬番 2 枠2 サムシングニュー / 騎手:吉田 豊 / 師:鹿戸 雄一
[2026/5/27 6:30:41]     馬番 3 枠3 ランニングビーチ / 騎手:木幡 巧也 / 師:牧 光二
[2026/5/27 6:30:41]     馬番 4 枠3 テイクオンミー / 騎手:津村 明秀 / 師:水野 貴広
[2026/5/27 6:30:41]     馬番 5 枠4 ゴールドバローズ / 騎手:荻野 極 / 師:渡辺 薫彦
[2026/5/27 6:30:41]     馬番 6 枠4 リュウカルネ / 騎手:横山 武史 / 師:伊藤 圭三
[2026/5/27 6:30:41]     馬番 7 枠5 タケルムサシ / 騎手:佐々木 大輔 / 師:斎藤 誠
[2026/5/27 6:30:41]     馬番 8 枠5 ホーナー / 騎手:長浜 鴻緒 / 師:栗田 徹
[2026/5/27 6:30:41]     馬番 9 枠6 インディヴァイン / 騎手:D.レーン / 師:林 徹
[2026/5/27 6:30:41]     馬番10 枠6 フレイムスター / 騎手:北村 宏司 / 師:清水 久詞
[2026/5/27 6:30:41]     馬番11 枠7 ファイアマン / 騎手:原 優介 / 師:上原 博之
[2026/5/27 6:30:41]     馬番12 枠7 メディチパワー / 騎手:M.ディー / 師:中川 公成
[2026/5/27 6:30:41]     馬番13 枠8 アミラル / 騎手:国分 優作 / 師:渡辺 薫彦
[2026/5/27 6:30:41]     馬番14 枠8 ランブリングマン / 騎手:石川 裕紀人 / 師:前川 恭子
[2026/5/27 6:30:41]   [2回東京9日 6R] レース一覧へ戻る...
[2026/5/27 6:30:42]   [2回東京9日 7R] 単複ページへ遷移... (XXX 4歳以上1勝クラス（混合）［指定］)
[2026/5/27 6:30:45]   [2回東京9日 7R] 18頭取得
[2026/5/27 6:30:45]     馬番 1 枠1 レッドロスタム / 騎手:原 優介 / 師:浅利 英明
[2026/5/27 6:30:45]     馬番 2 枠1 スタニングヴュー / 騎手:佐藤 翔馬 / 師:金成 貴史
[2026/5/27 6:30:45]     馬番 3 枠2 スターエンブレム / 騎手:北村 宏司 / 師:林 徹
[2026/5/27 6:30:45]     馬番 4 枠2 デルマケセラセラ / 騎手:松岡 正海 / 師:小野 次郎
[2026/5/27 6:30:45]     馬番 5 枠3 バム / 騎手:江田 照男 / 師:伊藤 伸一
[2026/5/27 6:30:45]     馬番 6 枠3 サンマルヴァレー / 騎手:秋山 稔樹 / 師:佐藤 吉勝
[2026/5/27 6:30:45]     馬番 7 枠4 バーニングフレーム / 騎手:原田 和真 / 師:伊藤 伸一
[2026/5/27 6:30:45]     馬番 8 枠4 ショウナンマリーナ / 騎手:石橋 脩 / 師:森 一誠
[2026/5/27 6:30:45]     馬番 9 枠5 ルナルーチェット / 騎手:田辺 裕信 / 師:松尾 卓哉
[2026/5/27 6:30:45]     馬番10 枠5 インマイポケット / 騎手:荻野 極 / 師:武 幸四郎
[2026/5/27 6:30:45]     馬番11 枠6 ソニックライン / 騎手:横山 武史 / 師:浅利 英明
[2026/5/27 6:30:45]     馬番12 枠6 ツインピークス / 騎手:木幡 巧也 / 師:千葉 直人
[2026/5/27 6:30:45]     馬番13 枠7 ブルスカメンテ / 騎手:石川 裕紀人 / 師:黒岩 陽一
[2026/5/27 6:30:45]     馬番14 枠7 メイリー / 騎手:吉田 豊 / 師:鈴木 慎太郎
[2026/5/27 6:30:45]     馬番15 枠7 フィールドノート / 騎手:C.ルメール / 師:木村 哲也
[2026/5/27 6:30:45]     馬番16 枠8 フェルシナ / 騎手:佐々木 大輔 / 師:西園 翔太
[2026/5/27 6:30:45]     馬番17 枠8 カザンラク / 騎手:D.レーン / 師:嘉藤 貴行
[2026/5/27 6:30:45]     馬番18 枠8 ルクスアドラー / 騎手:大野 拓弥 / 師:平岩 大典
[2026/5/27 6:30:45]   [2回東京9日 7R] レース一覧へ戻る...
[2026/5/27 6:30:46]   [2回東京9日 8R] 単複ページへ遷移... (XXX 4歳以上1勝クラス[指定])
[2026/5/27 6:30:49]   [2回東京9日 8R] 16頭取得
[2026/5/27 6:30:49]     馬番 1 枠1 ティアップドライブ / 騎手:江田 照男 / 師:奥平 雅士
[2026/5/27 6:30:49]     馬番 2 枠1 ブラックジジ / 騎手:原田 和真 / 師:菊川 正達
[2026/5/27 6:30:49]     馬番 3 枠2 エムティエスターテ / 騎手:大野 拓弥 / 師:矢野 英一
[2026/5/27 6:30:49]     馬番 4 枠2 グルーヴィーオン / 騎手:原 優介 / 師:小手川 準
[2026/5/27 6:30:49]     馬番 5 枠3 サトノセレナーデ / 騎手:北村 宏司 / 師:古賀 慎明
[2026/5/27 6:30:49]     馬番 6 枠3 スマイルディシー / 騎手:佐藤 翔馬 / 師:中川 公成
[2026/5/27 6:30:49]     馬番 7 枠4 ガンハンマー / 騎手:木幡 巧也 / 師:加藤 征弘
[2026/5/27 6:30:49]     馬番 8 枠4 シルバードン / 騎手:石橋 脩 / 師:牧 光二
[2026/5/27 6:30:49]     馬番 9 枠5 ブライトビギニング / 騎手:佐々木 大輔 / 師:室井 潔
[2026/5/27 6:30:49]     馬番10 枠5 クラリネットソナタ / 騎手:D.レーン / 師:柄崎 将寿
[2026/5/27 6:30:49]     馬番11 枠6 シックスパック / 騎手:吉田 豊 / 師:戸田 博文
[2026/5/27 6:30:49]     馬番12 枠6 エイミームーン / 騎手:石川 裕紀人 / 師:矢野 英一
[2026/5/27 6:30:49]     馬番13 枠7 ヘルヴェティオス / 騎手:C.ルメール / 師:金成 貴史
[2026/5/27 6:30:49]     馬番14 枠7 ハルノアラシ / 騎手:荻野 極 / 師:相沢 郁
[2026/5/27 6:30:49]     馬番15 枠8 アイランドピーク / 騎手:長浜 鴻緒 / 師:加藤 和宏
[2026/5/27 6:30:49]     馬番16 枠8 ウフドゥウフ / 騎手:田辺 裕信 / 師:上原 博之
[2026/5/27 6:30:49]   [2回東京9日 8R] レース一覧へ戻る...
[2026/5/27 6:30:50]   [2回東京9日 9R] 単複ページへ遷移... (XXX カーネーションカップ)
[2026/5/27 6:30:53]   [2回東京9日 9R] 12頭取得
[2026/5/27 6:30:53]     馬番 1 枠1 ハーディジェナー / 騎手:M.ディー / 師:西田 雄一郎
[2026/5/27 6:30:53]     馬番 2 枠2 ルージュリリック / 騎手:佐々木 大輔 / 師:上原 佑紀
[2026/5/27 6:30:53]     馬番 3 枠3 ヴェガリア / 騎手:横山 武史 / 師:栗田 徹
[2026/5/27 6:30:53]     馬番 4 枠4 ロザーンジュ / 騎手:田辺 裕信 / 師:寺島 良
[2026/5/27 6:30:53]     馬番 5 枠5 ヴァリスマリネリス / 騎手:津村 明秀 / 師:中舘 英二
[2026/5/27 6:30:53]     馬番 6 枠5 サンブライト / 騎手:横山 典弘 / 師:鈴木 慎太郎
[2026/5/27 6:30:53]     馬番 7 枠6 シルバーリム / 騎手:国分 優作 / 師:中村 直也
[2026/5/27 6:30:53]     馬番 8 枠6 ガーヴィ / 騎手:大野 拓弥 / 師:村田 一誠
[2026/5/27 6:30:53]     馬番 9 枠7 ファンクション / 騎手:原 優介 / 師:斎藤 誠
[2026/5/27 6:30:53]     馬番10 枠7 イクシード / 騎手:C.ルメール / 師:木村 哲也
[2026/5/27 6:30:53]     馬番11 枠8 レディーゴール / 騎手:荻野 極 / 師:斎藤 誠
[2026/5/27 6:30:53]     馬番12 枠8 エンジョイドアスク / 騎手:D.レーン / 師:堀 宣行
[2026/5/27 6:30:53]   [2回東京9日 9R] レース一覧へ戻る...
[2026/5/27 6:30:55]   [2回東京9日 10R] 単複ページへ遷移... (XXX 高尾特別)
[2026/5/27 6:30:58]   [2回東京9日 10R] 16頭取得
[2026/5/27 6:30:58]     馬番 1 枠1 ブラックジェダイト / 騎手:佐々木 大輔 / 師:大竹 正博
[2026/5/27 6:30:58]     馬番 2 枠1 モズトキキ / 騎手:秋山 稔樹 / 師:平田 修
[2026/5/27 6:30:58]     馬番 3 枠2 バンブルビー / 騎手:津村 明秀 / 師:浅利 英明
[2026/5/27 6:30:58]     馬番 4 枠2 ホウオウブースター / 騎手:原 優介 / 師:高柳 瑞樹
[2026/5/27 6:30:58]     馬番 5 枠3 チムグクル / 騎手:C.ルメール / 師:福永 祐一
[2026/5/27 6:30:58]     馬番 6 枠3 ナファロア / 騎手:石橋 脩 / 師:菊沢 隆徳
[2026/5/27 6:30:58]     馬番 7 枠4 ソレントフレイバー / 騎手:荻野 極 / 師:久保田 貴士
[2026/5/27 6:30:58]     馬番 8 枠4 パワースナッチ / 騎手:D.レーン / 師:武市 康男
[2026/5/27 6:30:58]     馬番 9 枠5 サクセスカラー / 騎手:田辺 裕信 / 師:久保田 貴士
[2026/5/27 6:30:58]     馬番10 枠5 バロン / 騎手:木幡 巧也 / 師:手塚 貴久
[2026/5/27 6:30:58]     馬番11 枠6 ツーネサーン / 騎手:横山 武史 / 師:矢作 芳人
[2026/5/27 6:30:58]     馬番12 枠6 キョウエイボニータ / 騎手:松岡 正海 / 師:伊藤 伸一
[2026/5/27 6:30:58]     馬番13 枠7 ラブディーヴァ / 騎手:江田 照男 / 師:田中 勝春
[2026/5/27 6:30:58]     馬番14 枠7 シャイフ / 騎手:横山 典弘 / 師:安田 翔伍
[2026/5/27 6:30:58]     馬番15 枠8 ペイドラロワール / 騎手:北村 宏司 / 師:清水 久詞
[2026/5/27 6:30:58]     馬番16 枠8 フミサウンド / 騎手:吉田 豊 / 師:鹿戸 雄一
[2026/5/27 6:30:58]   [2回東京9日 10R] レース一覧へ戻る...
[2026/5/27 6:30:59]   [2回東京9日 11R] 単複ページへ遷移... (XXX 欅ステークス)
[2026/5/27 6:31:02]   [2回東京9日 11R] 16頭取得
[2026/5/27 6:31:02]     馬番 1 枠1 ストレングス / 騎手:佐々木 大輔 / 師:寺島 良
[2026/5/27 6:31:02]     馬番 2 枠1 フェルヴェンテ / 騎手:秋山 稔樹 / 師:宮 徹
[2026/5/27 6:31:02]     馬番 3 枠2 ドンインザムード / 騎手:荻野 極 / 師:今野 貞一
[2026/5/27 6:31:02]     馬番 4 枠2 ハチメンロッピ / 騎手:原 優介 / 師:矢野 英一
[2026/5/27 6:31:02]     馬番 5 枠3 ニシキギミッチー / 騎手:横山 武史 / 師:鈴木 伸尋
[2026/5/27 6:31:02]     馬番 6 枠3 シンバーシア / 騎手:木幡 巧也 / 師:大竹 正博
[2026/5/27 6:31:02]     馬番 7 枠4 スカイロケット / 騎手:M.ディー / 師:須貝 尚介
[2026/5/27 6:31:02]     馬番 8 枠4 ダノンザボルケーノ / 騎手:大野 拓弥 / 師:菊沢 隆徳
[2026/5/27 6:31:02]     馬番 9 枠5 ノーブルロジャー / 騎手:石川 裕紀人 / 師:吉岡 辰弥
[2026/5/27 6:31:02]     馬番10 枠5 ジャスパーゴールド / 騎手:江田 照男 / 師:森 秀行
[2026/5/27 6:31:02]     馬番11 枠6 タイセイブレイズ / 騎手:松岡 正海 / 師:牧浦 充徳
[2026/5/27 6:31:02]     馬番12 枠6 アスクドゥラメンテ / 騎手:石橋 脩 / 師:藤原 英昭
[2026/5/27 6:31:02]     馬番13 枠7 カンパニョーラ / 騎手:吉田 豊 / 師:伊坂 重信
[2026/5/27 6:31:02]     馬番14 枠7 ペイシャケイプ / 騎手:横山 典弘 / 師:高橋 康之
[2026/5/27 6:31:02]     馬番15 枠8 スマートサニー / 騎手:国分 優作 / 師:石橋 守
[2026/5/27 6:31:02]     馬番16 枠8 ワイワイレジェンド / 騎手:津村 明秀 / 師:前川 恭子
[2026/5/27 6:31:02]   [2回東京9日 11R] レース一覧へ戻る...
[2026/5/27 6:31:03]   [2回東京9日 12R] 単複ページへ遷移... (XXX 4歳以上2勝クラス牝［指定］)
[2026/5/27 6:31:06]   [2回東京9日 12R] 16頭取得
[2026/5/27 6:31:06]     馬番 1 枠1 レーヴドレフォン / 騎手:吉田 豊 / 師:橋田 宜長
[2026/5/27 6:31:06]     馬番 2 枠1 ルトゥール / 騎手:佐々木 大輔 / 師:平岩 大典
[2026/5/27 6:31:06]     馬番 3 枠2 パイシャオピン / 騎手:横山 武史 / 師:鈴木 伸尋
[2026/5/27 6:31:06]     馬番 4 枠2 キョウエイフロイデ / 騎手:原 優介 / 師:中川 公成
[2026/5/27 6:31:06]     馬番 5 枠3 エーリアル / 騎手:M.ディー / 師:西田 雄一郎
[2026/5/27 6:31:06]     馬番 6 枠3 スカイビート / 騎手:石橋 脩 / 師:野中 賢二
[2026/5/27 6:31:06]     馬番 7 枠4 ネクストダンサー / 騎手:佐藤 翔馬 / 師:伊藤 圭三
[2026/5/27 6:31:06]     馬番 8 枠4 ゴーソーファー / 騎手:津村 明秀 / 師:手塚 貴久
[2026/5/27 6:31:06]     馬番 9 枠5 フィールオーサム / 騎手:C.ルメール / 師:岩戸 孝樹
[2026/5/27 6:31:06]     馬番10 枠5 タマモカンパネラ / 騎手:谷原 柚希 / 師:伊藤 圭三
[2026/5/27 6:31:06]     馬番11 枠6 オーケアニス / 騎手:石川 裕紀人 / 師:松永 幹夫
[2026/5/27 6:31:06]     馬番12 枠6 エターナルプロミス / 騎手:国分 優作 / 師:茶木 太樹
[2026/5/27 6:31:06]     馬番13 枠7 エンプレスフレーム / 騎手:原田 和真 / 師:上原 博之
[2026/5/27 6:31:06]     馬番14 枠7 マジックローズ / 騎手:荻野 極 / 師:中内田 充正
[2026/5/27 6:31:06]     馬番15 枠8 カーラデマドレ / 騎手:D.レーン / 師:矢嶋 大樹
[2026/5/27 6:31:06]     馬番16 枠8 マフィン / 騎手:長浜 鴻緒 / 師:大和田 成
[2026/5/27 6:31:06]   [2回東京9日 12R] レース一覧へ戻る...
[2026/5/27 6:31:07]   2回東京9日 全レース完了 → 開催選択へ戻る
[2026/5/27 6:31:11] 
[2026/5/27 6:31:11] ----------------------------------------------------------------
[2026/5/27 6:31:11] [Step 3] 3回京都9日 (2026-05-23) 処理開始
[2026/5/27 6:31:11] ----------------------------------------------------------------
[2026/5/27 6:31:11]   開催「3回京都9日」クリック...
[2026/5/27 6:31:14]   レース一覧: 12件確認
[2026/5/27 6:31:14]   [3回京都9日 1R] 単複ページへ遷移... (XXX 3歳未勝利（混合）［指定］)
[2026/5/27 6:31:17]   [3回京都9日 1R] 16頭取得
[2026/5/27 6:31:17]     馬番 1 枠1 カーリキュー / 騎手:斎藤 新 / 師:高橋 一哉
[2026/5/27 6:31:17]     馬番 2 枠1 グランブリーゼ / 騎手:加藤 祥太 / 師:庄野 靖志
[2026/5/27 6:31:17]     馬番 3 枠2 メリフルアス / 騎手:岩田 望来 / 師:小栗 実
[2026/5/27 6:31:17]     馬番 4 枠2 ザキノフレンズ / 騎手:団野 大成 / 師:東田 明士
[2026/5/27 6:31:17]     馬番 5 枠3 リオマダムレッド / 騎手:城戸 義政 / 師:前川 恭子
[2026/5/27 6:31:17]     馬番 6 枠3 シャインゴーツ / 騎手:酒井 学 / 師:北出 成人
[2026/5/27 6:31:17]     馬番 7 枠4 ゴールドジョー / 騎手:吉村 誠之助 / 師:岡田 稲男
[2026/5/27 6:31:17]     馬番 8 枠4 タマモビスケット / 騎手:戸崎 圭太 / 師:中竹 和也
[2026/5/27 6:31:17]     馬番 9 枠5 プレデンシア / 騎手:北村 友一 / 師:中尾 秀正
[2026/5/27 6:31:17]     馬番10 枠5 デルニエジョイ / 騎手:田口 貫太 / 師:鈴木 孝志
[2026/5/27 6:31:17]     馬番11 枠6 モズオサキニ / 騎手:鮫島 克駿 / 師:杉山 佳明
[2026/5/27 6:31:17]     馬番12 枠6 アルウラメファ / 騎手:田山 旺佑 / 師:牧浦 充徳
[2026/5/27 6:31:17]     馬番13 枠7 グーフィー / 騎手:角田 大和 / 師:茶木 太樹
[2026/5/27 6:31:17]     馬番14 枠7 スワイメイク / 騎手:鮫島 良太 / 師:小椋 研介
[2026/5/27 6:31:17]     馬番15 枠8 レヴァンターセ / 騎手:川端 海翼 / 師:田中 克典
[2026/5/27 6:31:17]     馬番16 枠8 ラッキーヴォーグ / 騎手:松山 弘平 / 師:牧田 和弥
[2026/5/27 6:31:17]   [3回京都9日 1R] レース一覧へ戻る...
[2026/5/27 6:31:18]   [3回京都9日 2R] 単複ページへ遷移... (XXX 3歳未勝利[指定])
[2026/5/27 6:31:21]   [3回京都9日 2R] 14頭取得
[2026/5/27 6:31:21]     馬番 1 枠1 クレセントゼファー / 騎手:池添 謙一 / 師:高橋 一哉
[2026/5/27 6:31:21]     馬番 2 枠2 アルジェンタム / 騎手:高杉 吏麒 / 師:野中 賢二
[2026/5/27 6:31:21]     馬番 3 枠3 メイショウコシュウ / 騎手:武 豊 / 師:松永 幹夫
[2026/5/27 6:31:21]     馬番 4 枠3 タイセイグローバル / 騎手:角田 大和 / 師:小林 真也
[2026/5/27 6:31:21]     馬番 5 枠4 テンカフブ / 騎手:田山 旺佑 / 師:吉村 圭司
[2026/5/27 6:31:21]     馬番 6 枠4 アルメーリス / 騎手:斎藤 新 / 師:高橋 一哉
[2026/5/27 6:31:21]     馬番 7 枠5 ベラジオヴァレル / 騎手:岩田 望来 / 師:上村 洋行
[2026/5/27 6:31:21]     馬番 8 枠5 ウォーターサオラ / 騎手:松若 風馬 / 師:庄野 靖志
[2026/5/27 6:31:21]     馬番 9 枠6 フォーオール / 騎手:横山 和生 / 師:昆 貢
[2026/5/27 6:31:21]     馬番10 枠6 タマモスカイ / 騎手:吉村 誠之助 / 師:茶木 太樹
[2026/5/27 6:31:21]     馬番11 枠7 ロードステラート / 騎手:西村 淳也 / 師:武 英智
[2026/5/27 6:31:21]     馬番12 枠7 ホープレイジング / 騎手:小崎 綾也 / 師:小崎 憲
[2026/5/27 6:31:21]     馬番13 枠8 マルカアルバ / 騎手:酒井 学 / 師:小栗 実
[2026/5/27 6:31:21]     馬番14 枠8 ロードファイター / 騎手:団野 大成 / 師:東田 明士
[2026/5/27 6:31:21]   [3回京都9日 2R] レース一覧へ戻る...
[2026/5/27 6:31:22]   [3回京都9日 3R] 単複ページへ遷移... (XXX 3歳未勝利[指定])
[2026/5/27 6:31:25]   [3回京都9日 3R] 16頭取得
[2026/5/27 6:31:25]     馬番 1 枠1 ルナーマンス / 騎手:団野 大成 / 師:斉藤 崇史
[2026/5/27 6:31:25]     馬番 2 枠1 リヴァイ / 騎手:西村 淳也 / 師:高野 友和
[2026/5/27 6:31:25]     馬番 3 枠2 リフルフォース / 騎手:北村 友一 / 師:上村 洋行
[2026/5/27 6:31:25]     馬番 4 枠2 ヤマニンフェイエル / 騎手:岩田 望来 / 師:中村 直也
[2026/5/27 6:31:25]     馬番 5 枠3 レガリアーナ / 騎手:松若 風馬 / 師:安達 昭夫
[2026/5/27 6:31:25]     馬番 6 枠3 ヴィゴラスガイア / 騎手:吉村 誠之助 / 師:武 英智
[2026/5/27 6:31:25]     馬番 7 枠4 カルロット / 騎手:武 豊 / 師:武 幸四郎
[2026/5/27 6:31:25]     馬番 8 枠4 グレンセロース / 騎手:池添 謙一 / 師:池添 学
[2026/5/27 6:31:25]     馬番 9 枠5 フルムーン / 騎手:高杉 吏麒 / 師:藤岡 健一
[2026/5/27 6:31:25]     馬番10 枠5 ジューンオアシス / 騎手:菱田 裕二 / 師:飯田 祐史
[2026/5/27 6:31:25]     馬番11 枠6 スッサンエア / 騎手:鮫島 克駿 / 師:河嶋 宏樹
[2026/5/27 6:31:25]     馬番12 枠6 メイショウジーニー / 騎手:幸 英明 / 師:秋山 真一郎
[2026/5/27 6:31:25]     馬番13 枠7 ヒッグスボソン / 騎手:斎藤 新 / 師:高橋 義忠
[2026/5/27 6:31:25]     馬番14 枠7 エコロデュラン / 騎手:坂井 瑠星 / 師:矢作 芳人
[2026/5/27 6:31:25]     馬番15 枠8 コスモファーブロス / 騎手:戸崎 圭太 / 師:吉田 直弘
[2026/5/27 6:31:25]     馬番16 枠8 ダノンステート / 騎手:横山 和生 / 師:千田 輝彦
[2026/5/27 6:31:25]   [3回京都9日 3R] レース一覧へ戻る...
[2026/5/27 6:31:26]   [3回京都9日 4R] 単複ページへ遷移... (XXX 3歳未勝利牝［指定］)
[2026/5/27 6:31:29]   [3回京都9日 4R] 17頭取得
[2026/5/27 6:31:29]     馬番 1 枠1 エトワールブーケ / 騎手:横山 和生 / 師:昆 貢
[2026/5/27 6:31:29]     馬番 2 枠1 ペスキエーラ / 騎手:西村 淳也 / 師:須貝 尚介
[2026/5/27 6:31:29]     馬番 3 枠2 ハクサンモッピー / 騎手:藤懸 貴志 / 師:高橋 康之
[2026/5/27 6:31:29]     馬番 4 枠2 ポリキポリキ / 騎手:北村 友一 / 師:藤原 英昭
[2026/5/27 6:31:29]     馬番 5 枠3 アンビエントポップ / 騎手:岩田 望来 / 師:上村 洋行
[2026/5/27 6:31:29]     馬番 6 枠3 ダンツアラーム / 騎手:太宰 啓介 / 師:本田 優
[2026/5/27 6:31:29]     馬番 7 枠4 ファビュラスベガス / 騎手:斎藤 新 / 師:前川 恭子
[2026/5/27 6:31:29]     馬番 8 枠4 テンダーワーズ / 騎手:団野 大成 / 師:中尾 秀正
[2026/5/27 6:31:29]     馬番 9 枠5 ラッキーシグネチャ / 騎手:菱田 裕二 / 師:矢作 芳人
[2026/5/27 6:31:29]     馬番10 枠5 ジャージーテーラー / 騎手:中井 裕二 / 師:緒方 努
[2026/5/27 6:31:29]     馬番11 枠6 インフィオラータ / 騎手:田山 旺佑 / 師:須貝 尚介
[2026/5/27 6:31:29]     馬番12 枠6 ラヴィングチャンプ / 騎手:鮫島 克駿 / 師:河嶋 宏樹
[2026/5/27 6:31:29]     馬番13 枠7 エイカイコバチ / 騎手:吉村 誠之助 / 師:藤原 英昭
[2026/5/27 6:31:29]     馬番14 枠7 トラカイキャッスル / 騎手:田口 貫太 / 師:西村 真幸
[2026/5/27 6:31:29]     馬番15 枠8 サンダーバード / 騎手:浜中 俊 / 師:武 幸四郎
[2026/5/27 6:31:29]     馬番16 枠8 アサリア / 騎手:武 豊 / 師:藤原 英昭
[2026/5/27 6:31:29]     馬番17 枠8 ルナティックブルー / 騎手:松若 風馬 / 師:今野 貞一
[2026/5/27 6:31:29]   [3回京都9日 4R] レース一覧へ戻る...
[2026/5/27 6:31:31]   [3回京都9日 5R] 単複ページへ遷移... (XXX 3歳未勝利[指定])
[2026/5/27 6:31:34]   [3回京都9日 5R] 14頭取得
[2026/5/27 6:31:34]     馬番 1 枠1 カデナボニータ / 騎手:高杉 吏麒 / 師:小椋 研介
[2026/5/27 6:31:34]     馬番 2 枠2 サンタカタリナ / 騎手:鮫島 克駿 / 師:杉山 晴紀
[2026/5/27 6:31:34]     馬番 3 枠3 サンタカリス / 騎手:田山 旺佑 / 師:秋山 真一郎
[2026/5/27 6:31:34]     馬番 4 枠3 ダノンオブアイデア / 騎手:松山 弘平 / 師:藤原 英昭
[2026/5/27 6:31:34]     馬番 5 枠4 ブリックアブラック / 騎手:菅原 明良 / 師:高木 登
[2026/5/27 6:31:34]     馬番 6 枠4 ペガサスジルシ / 騎手:川田 将雅 / 師:新谷 功一
[2026/5/27 6:31:34]     馬番 7 枠5 ドントゥール / 騎手:酒井 学 / 師:杉山 晴紀
[2026/5/27 6:31:34]     馬番 8 枠5 スウィーティーベル / 騎手:団野 大成 / 師:田中 克典
[2026/5/27 6:31:34]     馬番 9 枠6 キーテーマ / 騎手:菱田 裕二 / 師:宮 徹
[2026/5/27 6:31:34]     馬番10 枠6 パンチャマハブータ / 騎手:池添 謙一 / 師:吉田 直弘
[2026/5/27 6:31:34]     馬番11 枠7 フローマジック / 騎手:武 豊 / 師:辻野 泰之
[2026/5/27 6:31:34]     馬番12 枠7 レットミーテイク / 騎手:加藤 祥太 / 師:庄野 靖志
[2026/5/27 6:31:34]     馬番13 枠8 バディ / 騎手:太宰 啓介 / 師:四位 洋文
[2026/5/27 6:31:34]     馬番14 枠8 ルクスディグニティ / 騎手:横山 和生 / 師:昆 貢
[2026/5/27 6:31:34]   [3回京都9日 5R] レース一覧へ戻る...
[2026/5/27 6:31:35]   [3回京都9日 6R] 単複ページへ遷移... (XXX 3歳1勝クラス（混合）［指定］)
[2026/5/27 6:31:38]   [3回京都9日 6R] 16頭取得
[2026/5/27 6:31:38]     馬番 1 枠1 プレダトゥール / 騎手:酒井 学 / 師:北出 成人
[2026/5/27 6:31:38]     馬番 2 枠1 シュテフィ / 騎手:鮫島 克駿 / 師:牧田 和弥
[2026/5/27 6:31:38]     馬番 3 枠2 シオンダンサー / 騎手:川田 将雅 / 師:斉藤 崇史
[2026/5/27 6:31:38]     馬番 4 枠2 フェスティヴドレス / 騎手:岩田 望来 / 師:岡田 稲男
[2026/5/27 6:31:38]     馬番 5 枠3 ブライトフレア / 騎手:浜中 俊 / 師:佐藤 悠太
[2026/5/27 6:31:38]     馬番 6 枠3 フリッシュ / 騎手:藤懸 貴志 / 師:平田 修
[2026/5/27 6:31:38]     馬番 7 枠4 ソウルオンファイア / 騎手:団野 大成 / 師:野中 賢二
[2026/5/27 6:31:38]     馬番 8 枠4 テーオーナタリー / 騎手:吉村 誠之助 / 師:梅田 智之
[2026/5/27 6:31:38]     馬番 9 枠5 カフジクロミエ / 騎手:池添 謙一 / 師:中竹 和也
[2026/5/27 6:31:38]     馬番10 枠5 キーンセンス / 騎手:北村 友一 / 師:松永 幹夫
[2026/5/27 6:31:38]     馬番11 枠6 ジャンヌドゥレーヴ / 騎手:中井 裕二 / 師:角田 晃一
[2026/5/27 6:31:38]     馬番12 枠6 モンスエ / 騎手:松山 弘平 / 師:高橋 一哉
[2026/5/27 6:31:38]     馬番13 枠7 リアルアルバ / 騎手:田口 貫太 / 師:大橋 勇樹
[2026/5/27 6:31:38]     馬番14 枠7 ツァレヴナ / 騎手:戸崎 圭太 / 師:野中 賢二
[2026/5/27 6:31:38]     馬番15 枠8 ブロンテス / 騎手:幸 英明 / 師:大根田 裕之
[2026/5/27 6:31:38]     馬番16 枠8 クリノセーラーマン / 騎手:高杉 吏麒 / 師:大橋 勇樹
[2026/5/27 6:31:38]   [3回京都9日 6R] レース一覧へ戻る...
[2026/5/27 6:31:39]   [3回京都9日 7R] 単複ページへ遷移... (XXX 4歳以上1勝クラス（混合）［指定］)
[2026/5/27 6:31:42]   [3回京都9日 7R] 16頭取得
[2026/5/27 6:31:42]     馬番 1 枠1 ロケベンドラ / 騎手:松山 弘平 / 師:西園 翔太
[2026/5/27 6:31:42]     馬番 2 枠1 サンディエゴ / 騎手:斎藤 新 / 師:清水 久詞
[2026/5/27 6:31:42]     馬番 3 枠2 ビルンバウム / 騎手:松若 風馬 / 師:渡辺 薫彦
[2026/5/27 6:31:42]     馬番 4 枠2 リリーアロー / 騎手:藤懸 貴志 / 師:平田 修
[2026/5/27 6:31:42]     馬番 5 枠3 ポイントネモ / 騎手:坂井 瑠星 / 師:大久保 龍志
[2026/5/27 6:31:42]     馬番 6 枠3 ブレスドナイル / 騎手:吉村 誠之助 / 師:茶木 太樹
[2026/5/27 6:31:42]     馬番 7 枠4 サマーナイト / 騎手:小崎 綾也 / 師:寺島 良
[2026/5/27 6:31:42]     馬番 8 枠4 デルマサクラサク / 騎手:鮫島 克駿 / 師:牧田 和弥
[2026/5/27 6:31:42]     馬番 9 枠5 バレンシア / 騎手:M.デムーロ / 師:笹田 和秀
[2026/5/27 6:31:42]     馬番10 枠5 スリーラーケン / 騎手:国分 恭介 / 師:高橋 義忠
[2026/5/27 6:31:42]     馬番11 枠6 ニホンピロマリンバ / 騎手:田山 旺佑 / 師:安達 昭夫
[2026/5/27 6:31:42]     馬番12 枠6 メイショウコナン / 騎手:団野 大成 / 師:荒川 義之
[2026/5/27 6:31:42]     馬番13 枠7 シゲルオトヒメ / 騎手:酒井 学 / 師:谷 潔
[2026/5/27 6:31:42]     馬番14 枠7 ロックウイズユー / 騎手:高杉 吏麒 / 師:橋田 宜長
[2026/5/27 6:31:42]     馬番15 枠8 シーリュウシー / 騎手:菱田 裕二 / 師:岡田 稲男
[2026/5/27 6:31:42]     馬番16 枠8 ガーデンカメリア / 騎手:川端 海翼 / 師:佐藤 悠太
[2026/5/27 6:31:42]   [3回京都9日 7R] レース一覧へ戻る...
[2026/5/27 6:31:43]   [3回京都9日 8R] 単複ページへ遷移... (XXX 4歳以上1勝クラス[指定])
[2026/5/27 6:31:46]   [3回京都9日 8R] 15頭取得
[2026/5/27 6:31:46]     馬番 1 枠1 チャイボーグ / 騎手:藤懸 貴志 / 師:的場 均
[2026/5/27 6:31:46]     馬番 2 枠2 フィングステン / 騎手:幸 英明 / 師:橋田 宜長
[2026/5/27 6:31:46]     馬番 3 枠2 ウインラウダ / 騎手:岩田 望来 / 師:梅田 智之
[2026/5/27 6:31:46]     馬番 4 枠3 ワイドモヒート / 騎手:高杉 吏麒 / 師:藤岡 健一
[2026/5/27 6:31:46]     馬番 5 枠3 メイショウタクボク / 騎手:太宰 啓介 / 師:高橋 亮
[2026/5/27 6:31:46]     馬番 6 枠4 ピエタンツァ / 騎手:武 豊 / 師:松永 幹夫
[2026/5/27 6:31:46]     馬番 7 枠4 イフリーティア / 騎手:斎藤 新 / 師:茶木 太樹
[2026/5/27 6:31:46]     馬番 8 枠5 グリプトグラフィ / 騎手:吉村 誠之助 / 師:井上 智史
[2026/5/27 6:31:46]     馬番 9 枠5 ハルフロンティア / 騎手:田山 旺佑 / 師:池添 学
[2026/5/27 6:31:46]     馬番10 枠6 マディソンガール / 騎手:川田 将雅 / 師:中内田 充正
[2026/5/27 6:31:46]     馬番11 枠6 ジェゼロ / 騎手:戸崎 圭太 / 師:須貝 尚介
[2026/5/27 6:31:46]     馬番12 枠7 キョウエイグッド / 騎手:小崎 綾也 / 師:千葉 直人
[2026/5/27 6:31:46]     馬番13 枠7 アンビアンス / 騎手:三浦 皇成 / 師:清水 久詞
[2026/5/27 6:31:46]     馬番14 枠8 セルリアンゲーゲン / 騎手:酒井 学 / 師:谷 潔
[2026/5/27 6:31:46]     馬番15 枠8 ウインリベラシオン / 騎手:田口 貫太 / 師:緒方 努
[2026/5/27 6:31:46]   [3回京都9日 8R] レース一覧へ戻る...
[2026/5/27 6:31:48]   [3回京都9日 9R] 単複ページへ遷移... (XXX メルボルントロフィー)
[2026/5/27 6:31:51]   [3回京都9日 9R] 11頭取得
[2026/5/27 6:31:51]     馬番 1 枠1 ジャスティンルマン / 騎手:団野 大成 / 師:杉山 晴紀
[2026/5/27 6:31:51]     馬番 2 枠2 テイエムアイラン / 騎手:松山 弘平 / 師:宮地 貴稔
[2026/5/27 6:31:51]     馬番 3 枠3 オックスアイ / 騎手:吉村 誠之助 / 師:清水 久詞
[2026/5/27 6:31:51]     馬番 4 枠4 パーシャングレー / 騎手:西村 淳也 / 師:池添 学
[2026/5/27 6:31:51]     馬番 5 枠5 リアンマヒナ / 騎手:岩田 望来 / 師:高橋 一哉
[2026/5/27 6:31:51]     馬番 6 枠6 スウィッチインラヴ / 騎手:北村 友一 / 師:矢作 芳人
[2026/5/27 6:31:51]     馬番 7 枠6 エイシンティザー / 騎手:武 豊 / 師:吉村 圭司
[2026/5/27 6:31:51]     馬番 8 枠7 ペイシャシス / 騎手:酒井 学 / 師:加藤 公太
[2026/5/27 6:31:51]     馬番 9 枠7 ポペット / 騎手:松若 風馬 / 師:高橋 康之
[2026/5/27 6:31:51]     馬番10 枠8 ナルキッソス / 騎手:高杉 吏麒 / 師:吉岡 辰弥
[2026/5/27 6:31:51]     馬番11 枠8 ナムラヒナギク / 騎手:田口 貫太 / 師:大橋 勇樹
[2026/5/27 6:31:51]   [3回京都9日 9R] レース一覧へ戻る...
[2026/5/27 6:31:52]   [3回京都9日 10R] 単複ページへ遷移... (XXX シドニートロフィー)
[2026/5/27 6:31:55]   [3回京都9日 10R] 16頭取得
[2026/5/27 6:31:55]     馬番 1 枠1 ハニーコム / 騎手:酒井 学 / 師:蛯名 正義
[2026/5/27 6:31:55]     馬番 2 枠1 ラブリージャブリー / 騎手:松山 弘平 / 師:蛯名 正義
[2026/5/27 6:31:55]     馬番 3 枠2 アラベラ / 騎手:北村 友一 / 師:上村 洋行
[2026/5/27 6:31:55]     馬番 4 枠2 シャドウメテオ / 騎手:戸崎 圭太 / 師:金成 貴史
[2026/5/27 6:31:55]     馬番 5 枠3 コンドゥイア / 騎手:M.デムーロ / 師:井上 智史
[2026/5/27 6:31:55]     馬番 6 枠3 リンクスティップ / 騎手:西村 淳也 / 師:西村 真幸
[2026/5/27 6:31:55]     馬番 7 枠4 ノーランサンライズ / 騎手:小崎 綾也 / 師:佐藤 悠太
[2026/5/27 6:31:55]     馬番 8 枠4 サクソンジェンヌ / 騎手:武 豊 / 師:高橋 義忠
[2026/5/27 6:31:55]     馬番 9 枠5 テリオスサラ / 騎手:吉村 誠之助 / 師:高柳 瑞樹
[2026/5/27 6:31:55]     馬番10 枠5 エルフストラック / 騎手:坂井 瑠星 / 師:中村 直也
[2026/5/27 6:31:55]     馬番11 枠6 マカナ / 騎手:菅原 明良 / 師:伊藤 大士
[2026/5/27 6:31:55]     馬番12 枠6 アレナリア / 騎手:鮫島 克駿 / 師:藤野 健太
[2026/5/27 6:31:55]     馬番13 枠7 タイセイフェリーク / 騎手:松若 風馬 / 師:田中 克典
[2026/5/27 6:31:55]     馬番14 枠7 マトラコーニッシュ / 騎手:池添 謙一 / 師:池添 学
[2026/5/27 6:31:55]     馬番15 枠8 タガノアビー / 騎手:岩田 望来 / 師:千田 輝彦
[2026/5/27 6:31:55]     馬番16 枠8 キーパフォーマー / 騎手:浜中 俊 / 師:辻野 泰之
[2026/5/27 6:31:55]   [3回京都9日 10R] レース一覧へ戻る...
[2026/5/27 6:31:56]   [3回京都9日 11R] 単複ページへ遷移... (XXX 平安ステークス)
[2026/5/27 6:31:59]   [3回京都9日 11R] 16頭取得
[2026/5/27 6:31:59]     馬番 1 枠1 ポッドロゴ / 騎手:岩田 望来 / 師:西園 翔太
[2026/5/27 6:31:59]     馬番 2 枠1 キョウキランブ / 騎手:菅原 明良 / 師:古賀 慎明
[2026/5/27 6:31:59]     馬番 3 枠2 リアライズカミオン / 騎手:坂井 瑠星 / 師:堀 宣行
[2026/5/27 6:31:59]     馬番 4 枠2 ジューンアヲニヨシ / 騎手:浜中 俊 / 師:松下 武士
[2026/5/27 6:31:59]     馬番 5 枠3 ヴァルツァーシャル / 騎手:斎藤 新 / 師:高木 登
[2026/5/27 6:31:59]     馬番 6 枠3 ハグ / 騎手:高杉 吏麒 / 師:藤岡 健一
[2026/5/27 6:31:59]     馬番 7 枠4 ゼットリアン / 騎手:団野 大成 / 師:吉田 直弘
[2026/5/27 6:31:59]     馬番 8 枠4 ヴァンヤール / 騎手:角田 大和 / 師:庄野 靖志
[2026/5/27 6:31:59]     馬番 9 枠5 メリークリスマス / 騎手:三浦 皇成 / 師:小手川 準
[2026/5/27 6:31:59]     馬番10 枠5 シュラザック / 騎手:幸 英明 / 師:大根田 裕之
[2026/5/27 6:31:59]     馬番11 枠6 タイトニット / 騎手:川田 将雅 / 師:今野 貞一
[2026/5/27 6:31:59]     馬番12 枠6 サイモンザナドゥ / 騎手:池添 謙一 / 師:小林 真也
[2026/5/27 6:31:59]     馬番13 枠7 チュウワクリスエス / 騎手:武 豊 / 師:栗田 徹
[2026/5/27 6:31:59]     馬番14 枠7 ロードクロンヌ / 騎手:横山 和生 / 師:四位 洋文
[2026/5/27 6:31:59]     馬番15 枠8 ナルカミ / 騎手:戸崎 圭太 / 師:田中 博康
[2026/5/27 6:31:59]     馬番16 枠8 アクションプラン / 騎手:松山 弘平 / 師:池上 昌和
[2026/5/27 6:31:59]   [3回京都9日 11R] レース一覧へ戻る...
[2026/5/27 6:32:00]   [3回京都9日 12R] 単複ページへ遷移... (XXX オーストラリアT)
[2026/5/27 6:32:03]   [3回京都9日 12R] 14頭取得
[2026/5/27 6:32:03]     馬番 1 枠1 ジョウゲンノツキ / 騎手:松若 風馬 / 師:牧田 和弥
[2026/5/27 6:32:03]     馬番 2 枠2 リアルスター / 騎手:田口 貫太 / 師:大橋 勇樹
[2026/5/27 6:32:03]     馬番 3 枠3 ズバットマサムネ / 騎手:荻野 琢真 / 師:杉山 佳明
[2026/5/27 6:32:03]     馬番 4 枠3 ヨリノレジェンド / 騎手:団野 大成 / 師:奥村 豊
[2026/5/27 6:32:03]     馬番 5 枠4 ウィップスティッチ / 騎手:北村 友一 / 師:庄野 靖志
[2026/5/27 6:32:03]     馬番 6 枠4 ダノンキラウェア / 騎手:西村 淳也 / 師:中内田 充正
[2026/5/27 6:32:03]     馬番 7 枠5 マイティマイティー / 騎手:坂井 瑠星 / 師:河嶋 宏樹
[2026/5/27 6:32:03]     馬番 8 枠5 ユウトザレン / 騎手:吉村 誠之助 / 師:千田 輝彦
[2026/5/27 6:32:03]     馬番 9 枠6 プリンスノット / 騎手:菱田 裕二 / 師:小椋 研介
[2026/5/27 6:32:03]     馬番10 枠6 ハリウッドブルース / 騎手:藤懸 貴志 / 師:浜田 多実雄
[2026/5/27 6:32:03]     馬番11 枠7 ホウオウフロイト / 騎手:田山 旺佑 / 師:加藤 和宏
[2026/5/27 6:32:03]     馬番12 枠7 ダイヤモンドハンズ / 騎手:岩田 望来 / 師:池江 泰寿
[2026/5/27 6:32:03]     馬番13 枠8 アスゴッド / 騎手:高杉 吏麒 / 師:矢作 芳人
[2026/5/27 6:32:03]     馬番14 枠8 ヴリトラハン / 騎手:川田 将雅 / 師:千田 輝彦
[2026/5/27 6:32:03]   [3回京都9日 12R] レース一覧へ戻る...
[2026/5/27 6:32:05]   3回京都9日 全レース完了 → 開催選択へ戻る
[2026/5/27 6:32:08] 
[2026/5/27 6:32:08] ----------------------------------------------------------------
[2026/5/27 6:32:08] [Step 3] 1回新潟7日 (2026-05-23) 処理開始
[2026/5/27 6:32:08] ----------------------------------------------------------------
[2026/5/27 6:32:08]   開催「1回新潟7日」クリック...
[2026/5/27 6:32:11]   レース一覧: 12件確認
[2026/5/27 6:32:11]   [1回新潟7日 1R] 単複ページへ遷移... (XXX 障害4歳以上未勝利（混合）)
[2026/5/27 6:32:14]   [1回新潟7日 1R] 14頭取得
[2026/5/27 6:32:14]     馬番 1 枠1 コンフェルマ / 騎手:小牧 加矢太 / 師:寺島 良
[2026/5/27 6:32:14]     馬番 2 枠2 ランフォースマイル / 騎手:五十嵐 雄祐 / 師:秋本 大介
[2026/5/27 6:32:14]     馬番 3 枠3 コトブキヘスペラス / 騎手:金子 光希 / 師:金成 貴史
[2026/5/27 6:32:14]     馬番 4 枠3 バンデルオーラ / 騎手:伴 啓太 / 師:岩戸 孝樹
[2026/5/27 6:32:14]     馬番 5 枠4 メイショウトム / 騎手:難波 剛健 / 師:谷 潔
[2026/5/27 6:32:14]     馬番 6 枠4 ヨシノヤッタルデー / 騎手:黒岩 悠 / 師:中竹 和也
[2026/5/27 6:32:14]     馬番 7 枠5 ヴァルトバーデン / 騎手:鷲頭 虎太 / 師:粕谷 昌央
[2026/5/27 6:32:14]     馬番 8 枠5 キャネル / 騎手:坂口 智康 / 師:手塚 貴久
[2026/5/27 6:32:14]     馬番 9 枠6 ゴールデンステップ / 騎手:上野 翔 / 師:和田 勇介
[2026/5/27 6:32:14]     馬番10 枠6 セイウンビッグバン / 騎手:水沼 元輝 / 師:萱野 浩二
[2026/5/27 6:32:14]     馬番11 枠7 プレミアブルー / 騎手:中村 将之 / 師:菊川 正達
[2026/5/27 6:32:14]     馬番12 枠7 エターナルシルバー / 騎手:草野 太郎 / 師:中舘 英二
[2026/5/27 6:32:14]     馬番13 枠8 イェルマーク / 騎手:大江原 圭 / 師:西田 雄一郎
[2026/5/27 6:32:14]     馬番14 枠8 パーセルペーパー / 騎手:江田 勇亮 / 師:和田 雄二
[2026/5/27 6:32:14]   [1回新潟7日 1R] レース一覧へ戻る...
[2026/5/27 6:32:15]   [1回新潟7日 2R] 単複ページへ遷移... (XXX 3歳未勝利牝［指定］)
[2026/5/27 6:32:18]   [1回新潟7日 2R] 15頭取得
[2026/5/27 6:32:18]     馬番 1 枠1 ディジョネット / 騎手:石田 拓郎 / 師:松山 将樹
[2026/5/27 6:32:18]     馬番 2 枠2 スマートコーラル / 騎手:舟山 瑠泉 / 師:石坂 公一
[2026/5/27 6:32:18]     馬番 3 枠2 マッドヘッドラブ / 騎手:武藤 雅 / 師:戸田 博文
[2026/5/27 6:32:18]     馬番 4 枠3 ランランリンリン / 騎手:上里 直汰 / 師:辻 哲英
[2026/5/27 6:32:18]     馬番 5 枠3 エレーデサンライズ / 騎手:永島 まなみ / 師:平田 修
[2026/5/27 6:32:18]     馬番 6 枠4 メイショウミズホ / 騎手:大久保 友雅 / 師:和田 勇介
[2026/5/27 6:32:18]     馬番 7 枠4 オーシャンミューズ / 騎手:石神 深道 / 師:堀内 岳志
[2026/5/27 6:32:18]     馬番 8 枠5 ラミアスペランツァ / 騎手:小沢 大仁 / 師:宮地 貴稔
[2026/5/27 6:32:18]     馬番 9 枠5 アジャイブ / 騎手:遠藤 汰月 / 師:小笠 倫弘
[2026/5/27 6:32:18]     馬番10 枠6 オコリンボーマミー / 騎手:今村 聖奈 / 師:石坂 公一
[2026/5/27 6:32:18]     馬番11 枠6 エリザベスタウン / 騎手:小林 美駒 / 師:池上 昌和
[2026/5/27 6:32:18]     馬番12 枠7 エバーウインド / 騎手:和田 陽希 / 師:藤野 健太
[2026/5/27 6:32:18]     馬番13 枠7 タガノアルテミス / 騎手:丹内 祐次 / 師:西園 翔太
[2026/5/27 6:32:18]     馬番14 枠8 エロイーズ / 騎手:西塚 洸二 / 師:吉田 直弘
[2026/5/27 6:32:18]     馬番15 枠8 ウェルム / 騎手:F.ゴンサルベス / 師:小栗 実
[2026/5/27 6:32:18]   [1回新潟7日 2R] レース一覧へ戻る...
[2026/5/27 6:32:19]   [1回新潟7日 3R] 単複ページへ遷移... (XXX 3歳未勝利[指定])
[2026/5/27 6:32:22]   [1回新潟7日 3R] 15頭取得
[2026/5/27 6:32:22]     馬番 1 枠1 マイネルテオドロス / 騎手:石神 深道 / 師:菊川 正達
[2026/5/27 6:32:22]     馬番 2 枠2 サリーアン / 騎手:小林 美駒 / 師:鈴木 伸尋
[2026/5/27 6:32:22]     馬番 3 枠2 オッピポイカ / 騎手:菅原 隆一 / 師:鈴木 慎太郎
[2026/5/27 6:32:22]     馬番 4 枠3 リオンアンサー / 騎手:杉原 誠人 / 師:佐藤 吉勝
[2026/5/27 6:32:22]     馬番 5 枠3 シンクシビリティ / 騎手:河原田 菜々 / 師:青木 孝文
[2026/5/27 6:32:22]     馬番 6 枠4 サンライズロイ / 騎手:丹内 祐次 / 師:牧浦 充徳
[2026/5/27 6:32:22]     馬番 7 枠4 ヒエンジョー / 騎手:柴田 裕一郎 / 師:岡田 稲男
[2026/5/27 6:32:22]     馬番 8 枠5 クリコファルコン / 騎手:永島 まなみ / 師:谷 潔
[2026/5/27 6:32:22]     馬番 9 枠5 ワイドポティロン / 騎手:石田 拓郎 / 師:佐藤 悠太
[2026/5/27 6:32:22]     馬番10 枠6 ラインメテオラ / 騎手:富田 暁 / 師:長谷川 浩大
[2026/5/27 6:32:22]     馬番11 枠6 ジャーナーリア / 騎手:丸山 元気 / 師:本田 優
[2026/5/27 6:32:22]     馬番12 枠7 アイアンナックル / 騎手:森田 誠也 / 師:尾形 和幸
[2026/5/27 6:32:22]     馬番13 枠7 アクシズ / 騎手:横山 琉人 / 師:尾形 和幸
[2026/5/27 6:32:22]     馬番14 枠8 ララクロシェット / 騎手:鷲頭 虎太 / 師:井上 智史
[2026/5/27 6:32:22]     馬番15 枠8 マイベスティー / 騎手:長岡 禎仁 / 師:高橋 亮
[2026/5/27 6:32:22]   [1回新潟7日 3R] レース一覧へ戻る...
[2026/5/27 6:32:24]   [1回新潟7日 4R] 単複ページへ遷移... (XXX 障害4歳以上オープン（混合）)
[2026/5/27 6:32:27]   [1回新潟7日 4R] 13頭取得
[2026/5/27 6:32:27]     馬番 1 枠1 トモジャシック / 騎手:難波 剛健 / 師:大根田 裕之
[2026/5/27 6:32:27]     馬番 2 枠2 サルサロッサ / 騎手:土田 真翔 / 師:高柳 瑞樹
[2026/5/27 6:32:27]     馬番 3 枠3 サトノエピック / 騎手:上野 翔 / 師:奥村 武
[2026/5/27 6:32:27]     馬番 4 枠4 コレペティトール / 騎手:井上 敏樹 / 師:中竹 和也
[2026/5/27 6:32:27]     馬番 5 枠4 トゥラッタッタ / 騎手:五十嵐 雄祐 / 師:新開 幸一
[2026/5/27 6:32:27]     馬番 6 枠5 グアラニア / 騎手:伴 啓太 / 師:矢野 英一
[2026/5/27 6:32:27]     馬番 7 枠5 ゲインサポート / 騎手:中村 将之 / 師:秋山 真一郎
[2026/5/27 6:32:27]     馬番 8 枠6 ジーククローネ / 騎手:草野 太郎 / 師:宮田 敬介
[2026/5/27 6:32:27]     馬番 9 枠6 ジオフロント / 騎手:鷲頭 虎太 / 師:清水 久詞
[2026/5/27 6:32:27]     馬番10 枠7 ケイテンアイジン / 騎手:小坂 忠士 / 師:谷 潔
[2026/5/27 6:32:27]     馬番11 枠7 ダイスアローリング / 騎手:小牧 加矢太 / 師:古賀 慎明
[2026/5/27 6:32:27]     馬番12 枠8 パープルアドミラル / 騎手:金子 光希 / 師:堀内 岳志
[2026/5/27 6:32:27]     馬番13 枠8 ウイングランブルー / 騎手:大江原 圭 / 師:深山 雅史
[2026/5/27 6:32:27]   [1回新潟7日 4R] レース一覧へ戻る...
[2026/5/27 6:32:28]   [1回新潟7日 5R] 単複ページへ遷移... (XXX 3歳未勝利[指定])
[2026/5/27 6:32:31]   [1回新潟7日 5R] 16頭取得
[2026/5/27 6:32:31]     馬番 1 枠1 ダノンルミエール / 騎手:今村 聖奈 / 師:久保田 貴士
[2026/5/27 6:32:31]     馬番 2 枠1 テリオスヒナ / 騎手:川須 栄彦 / 師:小椋 研介
[2026/5/27 6:32:31]     馬番 3 枠2 ミスターマーボー / 騎手:F.ゴンサルベス / 師:青木 孝文
[2026/5/27 6:32:31]     馬番 4 枠2 レゲンデ / 騎手:富田 暁 / 師:斎藤 誠
[2026/5/27 6:32:31]     馬番 5 枠3 シャンペトルブーケ / 騎手:舟山 瑠泉 / 師:高橋 一哉
[2026/5/27 6:32:31]     馬番 6 枠3 ニシノシャルム / 騎手:遠藤 汰月 / 師:栗田 徹
[2026/5/27 6:32:31]     馬番 7 枠4 パトローナス / 騎手:亀田 温心 / 師:高橋 亮
[2026/5/27 6:32:31]     馬番 8 枠4 リテラシー / 騎手:松本 大輝 / 師:昆 貢
[2026/5/27 6:32:31]     馬番 9 枠5 サンライズマシュー / 騎手:西塚 洸二 / 師:牧浦 充徳
[2026/5/27 6:32:31]     馬番10 枠5 マリノリュミエール / 騎手:河原田 菜々 / 師:村田 一誠
[2026/5/27 6:32:31]     馬番11 枠6 ツウキンカイソク / 騎手:丹内 祐次 / 師:岩戸 孝樹
[2026/5/27 6:32:31]     馬番12 枠6 ニシノマーレ / 騎手:菊沢 一樹 / 師:伊藤 大士
[2026/5/27 6:32:31]     馬番13 枠7 サトノカスターニャ / 騎手:小沢 大仁 / 師:吉岡 辰弥
[2026/5/27 6:32:31]     馬番14 枠7 モーニングダリア / 騎手:小林 凌大 / 師:高橋 文雅
[2026/5/27 6:32:31]     馬番15 枠8 リアライズアリス / 騎手:和田 陽希 / 師:杉山 晴紀
[2026/5/27 6:32:31]     馬番16 枠8 マイネルディザイア / 騎手:石神 深道 / 師:室井 潔
[2026/5/27 6:32:31]   [1回新潟7日 5R] レース一覧へ戻る...
[2026/5/27 6:32:32]   [1回新潟7日 6R] 単複ページへ遷移... (XXX 3歳未勝利若手騎手)
[2026/5/27 6:32:35]   [1回新潟7日 6R] 15頭取得
[2026/5/27 6:32:35]     馬番 1 枠1 ヤマタケボニータ / 騎手:上里 直汰 / 師:萱野 浩二
[2026/5/27 6:32:35]     馬番 2 枠2 クワッドマリニン / 騎手:今村 聖奈 / 師:久保田 貴士
[2026/5/27 6:32:35]     馬番 3 枠2 ピエナオルカ / 騎手:永島 まなみ / 師:谷 潔
[2026/5/27 6:32:35]     馬番 4 枠3 スナークオーロラ / 騎手:小沢 大仁 / 師:今野 貞一
[2026/5/27 6:32:35]     馬番 5 枠3 キープシャイニング / 騎手:西塚 洸二 / 師:長谷川 浩大
[2026/5/27 6:32:35]     馬番 6 枠4 ソフィア / 騎手:舟山 瑠泉 / 師:鹿戸 雄一
[2026/5/27 6:32:35]     馬番 7 枠4 ウォーターエクラン / 騎手:水沼 元輝 / 師:藤野 健太
[2026/5/27 6:32:35]     馬番 8 枠5 メイショウゴッホ / 騎手:松本 大輝 / 師:飯田 祐史
[2026/5/27 6:32:35]     馬番 9 枠5 バル / 騎手:河原田 菜々 / 師:武市 康男
[2026/5/27 6:32:35]     馬番10 枠6 ゼンノスタニング / 騎手:森田 誠也 / 師:武 幸四郎
[2026/5/27 6:32:35]     馬番11 枠6 ツインドライヴ / 騎手:石田 拓郎 / 師:新開 幸一
[2026/5/27 6:32:35]     馬番12 枠7 メイショウコースト / 騎手:和田 陽希 / 師:渡辺 薫彦
[2026/5/27 6:32:35]     馬番13 枠7 マシン / 騎手:小林 美駒 / 師:石坂 公一
[2026/5/27 6:32:35]     馬番14 枠8 メイショウソラル / 騎手:大久保 友雅 / 師:和田 勇介
[2026/5/27 6:32:35]     馬番15 枠8 エトワールブルー / 騎手:遠藤 汰月 / 師:本田 優
[2026/5/27 6:32:35]   [1回新潟7日 6R] レース一覧へ戻る...
[2026/5/27 6:32:36]   [1回新潟7日 7R] 単複ページへ遷移... (XXX 3歳未勝利（混合）［指定］)
[2026/5/27 6:32:39]   [1回新潟7日 7R] 16頭取得
[2026/5/27 6:32:39]     馬番 1 枠1 レプレセンタル / 騎手:西塚 洸二 / 師:池上 昌和
[2026/5/27 6:32:39]     馬番 2 枠1 ウィズアバウンス / 騎手:上里 直汰 / 師:武藤 善則
[2026/5/27 6:32:39]     馬番 3 枠2 ゾネブルーム / 騎手:丸山 元気 / 師:矢嶋 大樹
[2026/5/27 6:32:39]     馬番 4 枠2 テンバコウクウ / 騎手:丸田 恭介 / 師:柄崎 将寿
[2026/5/27 6:32:39]     馬番 5 枠3 パーヴォ / 騎手:菊沢 一樹 / 師:吉田 直弘
[2026/5/27 6:32:39]     馬番 6 枠3 ハナコトバ / 騎手:今村 聖奈 / 師:寺島 良
[2026/5/27 6:32:39]     馬番 7 枠4 ラヴズプレミアム / 騎手:富田 暁 / 師:矢作 芳人
[2026/5/27 6:32:39]     馬番 8 枠4 タビニュ / 騎手:吉田 隼人 / 師:松尾 卓哉
[2026/5/27 6:32:39]     馬番 9 枠5 ベルトラッキ / 騎手:F.ゴンサルベス / 師:加藤 士津八
[2026/5/27 6:32:39]     馬番10 枠5 ヨーゼフ / 騎手:武藤 雅 / 師:戸田 博文
[2026/5/27 6:32:39]     馬番11 枠6 チェルヴァーラ / 騎手:小沢 大仁 / 師:松下 武士
[2026/5/27 6:32:39]     馬番12 枠6 アデルバローズ / 騎手:石神 深道 / 師:森 一誠
[2026/5/27 6:32:39]     馬番13 枠7 オーケーグリット / 騎手:横山 琉人 / 師:相沢 郁
[2026/5/27 6:32:39]     馬番14 枠7 フィールライクユー / 騎手:舟山 瑠泉 / 師:森田 直行
[2026/5/27 6:32:39]     馬番15 枠8 ノリマル / 騎手:丹内 祐次 / 師:尾形 和幸
[2026/5/27 6:32:39]     馬番16 枠8 ゴコウコイコイ / 騎手:小林 美駒 / 師:栗田 徹
[2026/5/27 6:32:39]   [1回新潟7日 7R] レース一覧へ戻る...
[2026/5/27 6:32:41]   [1回新潟7日 8R] 単複ページへ遷移... (XXX 4歳以上1勝クラス牝［指定］)
[2026/5/27 6:32:44]   [1回新潟7日 8R] 15頭取得
[2026/5/27 6:32:44]     馬番 1 枠1 マタミカンサン / 騎手:F.ゴンサルベス / 師:加藤 士津八
[2026/5/27 6:32:44]     馬番 2 枠2 エウテルペ / 騎手:石神 深道 / 師:和田 正一郎
[2026/5/27 6:32:44]     馬番 3 枠2 リュミナーズ / 騎手:亀田 温心 / 師:堀内 岳志
[2026/5/27 6:32:44]     馬番 4 枠3 キタノマーシャル / 騎手:小林 脩斗 / 師:奥平 雅士
[2026/5/27 6:32:44]     馬番 5 枠3 テルケンユミクイン / 騎手:菊沢 一樹 / 師:田島 俊明
[2026/5/27 6:32:44]     馬番 6 枠4 ツァガーンサル / 騎手:杉原 誠人 / 師:平岩 大典
[2026/5/27 6:32:44]     馬番 7 枠4 ルージュミステリオ / 騎手:丹内 祐次 / 師:辻野 泰之
[2026/5/27 6:32:44]     馬番 8 枠5 オブシディアーナ / 騎手:河原田 菜々 / 師:池添 学
[2026/5/27 6:32:44]     馬番 9 枠5 ニシノエピカリ / 騎手:野中 悠太郎 / 師:秋本 大介
[2026/5/27 6:32:44]     馬番10 枠6 メイショウピリカ / 騎手:今村 聖奈 / 師:本田 優
[2026/5/27 6:32:44]     馬番11 枠6 カルミアクラウン / 騎手:小沢 大仁 / 師:吉岡 辰弥
[2026/5/27 6:32:44]     馬番12 枠7 ムーランブルー / 騎手:吉田 隼人 / 師:久保田 貴士
[2026/5/27 6:32:44]     馬番13 枠7 エレガンシア / 騎手:石田 拓郎 / 師:高柳 大輔
[2026/5/27 6:32:44]     馬番14 枠8 ブーケドグレイス / 騎手:横山 琉人 / 師:相沢 郁
[2026/5/27 6:32:44]     馬番15 枠8 ハギノコラソン / 騎手:舟山 瑠泉 / 師:寺島 良
[2026/5/27 6:32:44]   [1回新潟7日 8R] レース一覧へ戻る...
[2026/5/27 6:32:45]   [1回新潟7日 9R] 単複ページへ遷移... (XXX はやぶさ賞)
[2026/5/27 6:32:48]   [1回新潟7日 9R] 16頭取得
[2026/5/27 6:32:48]     馬番 1 枠1 クイーンレグナント / 騎手:杉原 誠人 / 師:嘉藤 貴行
[2026/5/27 6:32:48]     馬番 2 枠1 コパノトーマス / 騎手:菊沢 一樹 / 師:青木 孝文
[2026/5/27 6:32:48]     馬番 3 枠2 ブレイヴソルジャー / 騎手:石田 拓郎 / 師:新開 幸一
[2026/5/27 6:32:48]     馬番 4 枠2 カシノリアーナ / 騎手:石神 深道 / 師:天間 昭一
[2026/5/27 6:32:48]     馬番 5 枠3 コウジハラ / 騎手:木幡 初也 / 師:西田 雄一郎
[2026/5/27 6:32:48]     馬番 6 枠3 アースコーリング / 騎手: / 師:
[2026/5/27 6:32:48]     馬番 7 枠4 フローラルツッキー / 騎手:河原田 菜々 / 師:伊坂 重信
[2026/5/27 6:32:48]     馬番 8 枠4 ウィングブルー / 騎手:F.ゴンサルベス / 師:斎藤 誠
[2026/5/27 6:32:48]     馬番 9 枠5 ミヤフロント / 騎手:森田 誠也 / 師:斉藤 崇史
[2026/5/27 6:32:48]     馬番10 枠5 ダブルチャレンジ / 騎手:長岡 禎仁 / 師:深山 雅史
[2026/5/27 6:32:48]     馬番11 枠6 エムティリオ / 騎手:上里 直汰 / 師:小野 次郎
[2026/5/27 6:32:48]     馬番12 枠6 クワイエットアイ / 騎手:柴田 裕一郎 / 師:中竹 和也
[2026/5/27 6:32:48]     馬番13 枠7 オタルイーグル / 騎手:亀田 温心 / 師:高柳 大輔
[2026/5/27 6:32:48]     馬番14 枠7 トモジャオーリー / 騎手:小林 美駒 / 師:鈴木 伸尋
[2026/5/27 6:32:48]     馬番15 枠8 シーグルロス / 騎手:丹内 祐次 / 師:尾形 和幸
[2026/5/27 6:32:48]     馬番16 枠8 カレンデュラ / 騎手:嶋田 純次 / 師:室井 潔
[2026/5/27 6:32:48]   [1回新潟7日 9R] レース一覧へ戻る...
[2026/5/27 6:32:49]   [1回新潟7日 10R] 単複ページへ遷移... (XXX 尖閣湾特別)
[2026/5/27 6:32:52]   [1回新潟7日 10R] 15頭取得
[2026/5/27 6:32:52]     馬番 1 枠1 サイレントグルーヴ / 騎手:松本 大輝 / 師:角田 晃一
[2026/5/27 6:32:52]     馬番 2 枠2 トゥルーサクセサー / 騎手:西塚 洸二 / 師:高木 登
[2026/5/27 6:32:52]     馬番 3 枠2 エコログロス / 騎手:野中 悠太郎 / 師:岩戸 孝樹
[2026/5/27 6:32:52]     馬番 4 枠3 ドーギッド / 騎手:古川 奈穂 / 師:矢作 芳人
[2026/5/27 6:32:52]     馬番 5 枠3 シンドリームシン / 騎手:吉田 隼人 / 師:武 幸四郎
[2026/5/27 6:32:52]     馬番 6 枠4 ライジングハース / 騎手:丸田 恭介 / 師:松山 将樹
[2026/5/27 6:32:52]     馬番 7 枠4 タマモランプ / 騎手:舟山 瑠泉 / 師:池添 学
[2026/5/27 6:32:52]     馬番 8 枠5 ミッドセンチュリー / 騎手:嶋田 純次 / 師:松山 将樹
[2026/5/27 6:32:52]     馬番 9 枠5 マイネルアズーロ / 騎手:杉原 誠人 / 師:鹿戸 雄一
[2026/5/27 6:32:52]     馬番10 枠6 エテルニータ / 騎手:丹内 祐次 / 師:稲垣 幸雄
[2026/5/27 6:32:52]     馬番11 枠6 オプレントジュエル / 騎手:F.ゴンサルベス / 師:田村 康仁
[2026/5/27 6:32:52]     馬番12 枠7 フォーグッド / 騎手:菊沢 一樹 / 師:平岩 大典
[2026/5/27 6:32:52]     馬番13 枠7 ローンウルフ / 騎手:遠藤 汰月 / 師:武市 康男
[2026/5/27 6:32:52]     馬番14 枠8 マイネルモメンタム / 騎手:横山 琉人 / 師:相沢 郁
[2026/5/27 6:32:52]     馬番15 枠8 クラウディアイ / 騎手:小沢 大仁 / 師:橋口 慎介
[2026/5/27 6:32:52]   [1回新潟7日 10R] レース一覧へ戻る...
[2026/5/27 6:32:53]   [1回新潟7日 11R] 単複ページへ遷移... (XXX 大日岳特別)
[2026/5/27 6:32:56]   [1回新潟7日 11R] 16頭取得
[2026/5/27 6:32:56]     馬番 1 枠1 スペルキャスター / 騎手:小林 凌大 / 師:蛯名 利弘
[2026/5/27 6:32:56]     馬番 2 枠1 パルティクラール / 騎手:西塚 洸二 / 師:牧浦 充徳
[2026/5/27 6:32:56]     馬番 3 枠2 ライクアフラワー / 騎手:上里 直汰 / 師:松永 康利
[2026/5/27 6:32:56]     馬番 4 枠2 ヴァンヴィーヴ / 騎手:舟山 瑠泉 / 師:牧浦 充徳
[2026/5/27 6:32:56]     馬番 5 枠3 イグニション / 騎手:川須 栄彦 / 師:畑端 省吾
[2026/5/27 6:32:56]     馬番 6 枠3 ブルボンクイーン / 騎手:松本 大輝 / 師:角田 晃一
[2026/5/27 6:32:56]     馬番 7 枠4 マリノトニトゥルス / 騎手:丸山 元気 / 師:武市 康男
[2026/5/27 6:32:56]     馬番 8 枠4 メイショウミリオレ / 騎手:永島 まなみ / 師:藤岡 健一
[2026/5/27 6:32:56]     馬番 9 枠5 ヒーローインチーフ / 騎手:富田 暁 / 師:吉田 直弘
[2026/5/27 6:32:56]     馬番10 枠5 フォティック / 騎手:吉田 隼人 / 師:飯田 祐史
[2026/5/27 6:32:56]     馬番11 枠6 ラトルシェ / 騎手:杉原 誠人 / 師:菊川 正達
[2026/5/27 6:32:56]     馬番12 枠6 バシレウスシチー / 騎手:柴田 裕一郎 / 師:岡田 稲男
[2026/5/27 6:32:56]     馬番13 枠7 ハニーローリエ / 騎手:菊沢 一樹 / 師:小手川 準
[2026/5/27 6:32:56]     馬番14 枠7 タマカヅラ / 騎手:小林 美駒 / 師:斎藤 誠
[2026/5/27 6:32:56]     馬番15 枠8 ビービーエフォート / 騎手:丹内 祐次 / 師:高柳 瑞樹
[2026/5/27 6:32:56]     馬番16 枠8 レッドセニョール / 騎手:横山 琉人 / 師:矢嶋 大樹
[2026/5/27 6:32:56]   [1回新潟7日 11R] レース一覧へ戻る...
[2026/5/27 6:32:58]   [1回新潟7日 12R] 単複ページへ遷移... (XXX 4歳以上1勝クラス（混合）［指定］)
[2026/5/27 6:33:01]   [1回新潟7日 12R] 15頭取得
[2026/5/27 6:33:01]     馬番 1 枠1 ペルフェツィオーネ / 騎手:小沢 大仁 / 師:杉山 佳明
[2026/5/27 6:33:01]     馬番 2 枠2 ダイヤモンド / 騎手:富田 暁 / 師:清水 久詞
[2026/5/27 6:33:01]     馬番 3 枠2 スペルビア / 騎手:上里 直汰 / 師:石栗 龍彦
[2026/5/27 6:33:01]     馬番 4 枠3 バルジール / 騎手:今村 聖奈 / 師:久保田 貴士
[2026/5/27 6:33:01]     馬番 5 枠3 レネネト / 騎手:永島 まなみ / 師:柴田 卓
[2026/5/27 6:33:01]     馬番 6 枠4 オオタニサーン / 騎手:丹内 祐次 / 師:堀 宣行
[2026/5/27 6:33:01]     馬番 7 枠4 エテオクロス / 騎手:石田 拓郎 / 師:新開 幸一
[2026/5/27 6:33:01]     馬番 8 枠5 サンライズジュピタ / 騎手:舟山 瑠泉 / 師:石坂 公一
[2026/5/27 6:33:01]     馬番 9 枠5 チャコワールド / 騎手:水沼 元輝 / 師:的場 均
[2026/5/27 6:33:01]     馬番10 枠6 ペッパーミル / 騎手:F.ゴンサルベス / 師:加藤 士津八
[2026/5/27 6:33:01]     馬番11 枠6 ヴェントインコーダ / 騎手:丸山 元気 / 師:角田 晃一
[2026/5/27 6:33:01]     馬番12 枠7 アルマーレシチー / 騎手:河原田 菜々 / 師:上原 博之
[2026/5/27 6:33:01]     馬番13 枠7 メイプルギャング / 騎手:柴田 裕一郎 / 師:中竹 和也
[2026/5/27 6:33:01]     馬番14 枠8 アメリカンランナー / 騎手:西塚 洸二 / 師:茶木 太樹
[2026/5/27 6:33:01]     馬番15 枠8 ブリングライト / 騎手:菊沢 一樹 / 師:松山 将樹
[2026/5/27 6:33:01]   [1回新潟7日 12R] レース一覧へ戻る...
[2026/5/27 6:33:02]   1回新潟7日 全レース完了 → 開催選択へ戻る
[2026/5/27 6:33:05] 
[2026/5/27 6:33:05] ----------------------------------------------------------------
[2026/5/27 6:33:05] [Step 3] 2回東京10日 (2026-05-24) 処理開始
[2026/5/27 6:33:05] ----------------------------------------------------------------
[2026/5/27 6:33:05]   開催「2回東京10日」クリック...
[2026/5/27 6:33:08]   レース一覧: 12件確認
[2026/5/27 6:33:08]   [2回東京10日 1R] 単複ページへ遷移... (XXX 3歳未勝利牝［指定］)
[2026/5/27 6:33:11]   [2回東京10日 1R] 16頭取得
[2026/5/27 6:33:11]     馬番 1 枠1 タカラエイティ / 騎手:大野 拓弥 / 師:堀内 岳志
[2026/5/27 6:33:11]     馬番 2 枠1 ミエスタ / 騎手:岩田 望来 / 師:加藤 征弘
[2026/5/27 6:33:11]     馬番 3 枠2 ハングローズ / 騎手:佐々木 大輔 / 師:奥村 武
[2026/5/27 6:33:11]     馬番 4 枠2 ヨルヴィック / 騎手:C.ルメール / 師:稲垣 幸雄
[2026/5/27 6:33:11]     馬番 5 枠3 ラブカニュー / 騎手:今村 聖奈 / 師:蛯名 利弘
[2026/5/27 6:33:11]     馬番 6 枠3 エリースノー / 騎手:津村 明秀 / 師:武市 康男
[2026/5/27 6:33:11]     馬番 7 枠4 ルージュリヴィエラ / 騎手:M.ディー / 師:嘉藤 貴行
[2026/5/27 6:33:11]     馬番 8 枠4 キタノローズ / 騎手:菅原 明良 / 師:室井 潔
[2026/5/27 6:33:11]     馬番 9 枠5 スウィートラキ / 騎手:木幡 初也 / 師:堀内 岳志
[2026/5/27 6:33:11]     馬番10 枠5 ハンナパール / 騎手:吉田 豊 / 師:小野 次郎
[2026/5/27 6:33:11]     馬番11 枠6 ベッラモレーン / 騎手:原 優介 / 師:矢野 英一
[2026/5/27 6:33:11]     馬番12 枠6 ライヴマティーニ / 騎手:木幡 巧也 / 師:尾形 和幸
[2026/5/27 6:33:11]     馬番13 枠7 オテンバプリンセス / 騎手:松山 弘平 / 師:加藤 士津八
[2026/5/27 6:33:11]     馬番14 枠7 プロスペラスナイン / 騎手:菅原 隆一 / 師:石栗 龍彦
[2026/5/27 6:33:11]     馬番15 枠8 ルンベーラ / 騎手:田辺 裕信 / 師:菊川 正達
[2026/5/27 6:33:11]     馬番16 枠8 カシスピーチ / 騎手:柴田 大知 / 師:蛯名 利弘
[2026/5/27 6:33:11]   [2回東京10日 1R] レース一覧へ戻る...
[2026/5/27 6:33:12]   [2回東京10日 2R] 単複ページへ遷移... (XXX 3歳未勝利[指定])
[2026/5/27 6:33:15]   [2回東京10日 2R] 16頭取得
[2026/5/27 6:33:15]     馬番 1 枠1 ファイアリービート / 騎手:大野 拓弥 / 師:鈴木 慎太郎
[2026/5/27 6:33:15]     馬番 2 枠1 ナンヨーロイヤル / 騎手:小林 脩斗 / 師:中舘 英二
[2026/5/27 6:33:15]     馬番 3 枠2 タッカーヴァンバン / 騎手:吉田 豊 / 師:田島 俊明
[2026/5/27 6:33:15]     馬番 4 枠2 ハピナスター / 騎手:松岡 正海 / 師:伊藤 伸一
[2026/5/27 6:33:15]     馬番 5 枠3 ニシノアオニヨシ / 騎手:谷原 柚希 / 師:加藤 和宏
[2026/5/27 6:33:15]     馬番 6 枠3 キングスメッセージ / 騎手:木幡 育也 / 師:尾関 知人
[2026/5/27 6:33:15]     馬番 7 枠4 スティールヴォーグ / 騎手:田辺 裕信 / 師:田村 康仁
[2026/5/27 6:33:15]     馬番 8 枠4 アームアンフルール / 騎手:木幡 初也 / 師:本間 忍
[2026/5/27 6:33:15]     馬番 9 枠5 コパノエイダン / 騎手:原 優介 / 師:上原 博之
[2026/5/27 6:33:15]     馬番10 枠5 ノリキング / 騎手:北村 宏司 / 師:伊藤 大士
[2026/5/27 6:33:15]     馬番11 枠6 トルネードアイル / 騎手:C.ルメール / 師:鹿戸 雄一
[2026/5/27 6:33:15]     馬番12 枠6 イニシオ / 騎手:松山 弘平 / 師:福永 祐一
[2026/5/27 6:33:15]     馬番13 枠7 ハデステソーロ / 騎手:菅原 明良 / 師:武市 康男
[2026/5/27 6:33:15]     馬番14 枠7 サクセスブルー / 騎手:佐々木 大輔 / 師:秋本 大介
[2026/5/27 6:33:15]     馬番15 枠8 ダゴベルト / 騎手:M.ディー / 師:宮田 敬介
[2026/5/27 6:33:15]     馬番16 枠8 キタノドンカルロ / 騎手:柴田 大知 / 師:粕谷 昌央
[2026/5/27 6:33:15]   [2回東京10日 2R] レース一覧へ戻る...
[2026/5/27 6:33:16]   [2回東京10日 3R] 単複ページへ遷移... (XXX 3歳未勝利（混合）［指定］)
[2026/5/27 6:33:19]   [2回東京10日 3R] 16頭取得
[2026/5/27 6:33:19]     馬番 1 枠1 ルクソンライト / 騎手:岩田 望来 / 師:伊藤 圭三
[2026/5/27 6:33:19]     馬番 2 枠1 ツクバヴァンガード / 騎手:横山 武史 / 師:奥平 雅士
[2026/5/27 6:33:19]     馬番 3 枠2 ソーマッチ / 騎手:木幡 育也 / 師:鈴木 伸尋
[2026/5/27 6:33:19]     馬番 4 枠2 ヴェントディルーナ / 騎手:北村 宏司 / 師:清水 英克
[2026/5/27 6:33:19]     馬番 5 枠3 アドミ / 騎手:戸崎 圭太 / 師:中川 公成
[2026/5/27 6:33:19]     馬番 6 枠3 ピコレーヴ / 騎手:木幡 巧也 / 師:牧 光二
[2026/5/27 6:33:19]     馬番 7 枠4 ディサイドオンミー / 騎手:大野 拓弥 / 師:堀内 岳志
[2026/5/27 6:33:19]     馬番 8 枠4 アイムインディ / 騎手:武 豊 / 師:蛯名 正義
[2026/5/27 6:33:19]     馬番 9 枠5 トレンドマーチ / 騎手:松岡 正海 / 師:萱野 浩二
[2026/5/27 6:33:19]     馬番10 枠5 ピコランド / 騎手:佐々木 大輔 / 師:上原 佑紀
[2026/5/27 6:33:19]     馬番11 枠6 ペイシャクロス / 騎手:柴田 大知 / 師:粕谷 昌央
[2026/5/27 6:33:19]     馬番12 枠6 セキテイロックス / 騎手:菅原 明良 / 師:嘉藤 貴行
[2026/5/27 6:33:19]     馬番13 枠7 ユーベルジーク / 騎手:今村 聖奈 / 師:辻 哲英
[2026/5/27 6:33:19]     馬番14 枠7 プレヒティヒ / 騎手:谷原 柚希 / 師:伊藤 圭三
[2026/5/27 6:33:19]     馬番15 枠8 テンカラットレター / 騎手:木幡 初也 / 師:本間 忍
[2026/5/27 6:33:19]     馬番16 枠8 ホウオウチャールズ / 騎手:津村 明秀 / 師:池上 昌和
[2026/5/27 6:33:19]   [2回東京10日 3R] レース一覧へ戻る...
[2026/5/27 6:33:21]   [2回東京10日 4R] 単複ページへ遷移... (XXX 3歳未勝利牝［指定］)
[2026/5/27 6:33:24]   [2回東京10日 4R] 18頭取得
[2026/5/27 6:33:24]     馬番 1 枠1 ウインテラジーナ / 騎手:横山 和生 / 師:栗田 徹
[2026/5/27 6:33:24]     馬番 2 枠1 クイーンズパーク / 騎手:木幡 初也 / 師:竹内 正洋
[2026/5/27 6:33:24]     馬番 3 枠2 リリーサー / 騎手:津村 明秀 / 師:鈴木 慎太郎
[2026/5/27 6:33:24]     馬番 4 枠2 サトノスターライト / 騎手:D.レーン / 師:森 一誠
[2026/5/27 6:33:24]     馬番 5 枠3 ルージュラベル / 騎手:三浦 皇成 / 師:鹿戸 雄一
[2026/5/27 6:33:24]     馬番 6 枠3 ノアシルヴィ / 騎手:谷原 柚希 / 師:天間 昭一
[2026/5/27 6:33:24]     馬番 7 枠4 ジェムシリカ / 騎手:小林 脩斗 / 師:千葉 直人
[2026/5/27 6:33:24]     馬番 8 枠4 ベアサナエチャン / 騎手:松山 弘平 / 師:杉浦 宏昭
[2026/5/27 6:33:24]     馬番 9 枠5 ヘリオドール / 騎手:柴田 大知 / 師:和田 雄二
[2026/5/27 6:33:24]     馬番10 枠5 フーディエラン / 騎手:原 優介 / 師:田中 剛
[2026/5/27 6:33:24]     馬番11 枠6 ダイヤテソーロ / 騎手:石橋 脩 / 師:牧 光二
[2026/5/27 6:33:24]     馬番12 枠6 ロジタイガー / 騎手:松岡 正海 / 師:古賀 慎明
[2026/5/27 6:33:24]     馬番13 枠7 ストームアイ / 騎手:吉田 豊 / 師:和田 正一郎
[2026/5/27 6:33:24]     馬番14 枠7 クレアノア / 騎手:戸崎 圭太 / 師:久保田 貴士
[2026/5/27 6:33:24]     馬番15 枠7 ソレム / 騎手:高杉 吏麒 / 師:稲垣 幸雄
[2026/5/27 6:33:24]     馬番16 枠8 ダノンアスコルティ / 騎手:C.ルメール / 師:大竹 正博
[2026/5/27 6:33:24]     馬番17 枠8 ペルシアーノ / 騎手:木幡 巧也 / 師:相沢 郁
[2026/5/27 6:33:24]     馬番18 枠8 ジュリ / 騎手:菅原 明良 / 師:萱野 浩二
[2026/5/27 6:33:24]   [2回東京10日 4R] レース一覧へ戻る...
[2026/5/27 6:33:25]   [2回東京10日 5R] 単複ページへ遷移... (XXX 3歳未勝利（混合）［指定］)
[2026/5/27 6:33:28]   [2回東京10日 5R] 14頭取得
[2026/5/27 6:33:28]     馬番 1 枠1 マトリカリア / 騎手:柴田 大知 / 師:岩戸 孝樹
[2026/5/27 6:33:28]     馬番 2 枠2 アテナガール / 騎手:今村 聖奈 / 師:西田 雄一郎
[2026/5/27 6:33:28]     馬番 3 枠3 カキュウ / 騎手:津村 明秀 / 師:佐藤 吉勝
[2026/5/27 6:33:28]     馬番 4 枠3 レッドフリーマン / 騎手:坂井 瑠星 / 師:大竹 正博
[2026/5/27 6:33:28]     馬番 5 枠4 クリアーゲイル / 騎手:横山 典弘 / 師:浅利 英明
[2026/5/27 6:33:28]     馬番 6 枠4 ブリサマリーナ / 騎手:田辺 裕信 / 師:久保田 貴士
[2026/5/27 6:33:28]     馬番 7 枠5 ルーリングクラス / 騎手:C.ルメール / 師:森 一誠
[2026/5/27 6:33:28]     馬番 8 枠5 サツキマーメイド / 騎手:菅原 隆一 / 師:石栗 龍彦
[2026/5/27 6:33:28]     馬番 9 枠6 ブルージェネシス / 騎手:佐々木 大輔 / 師:菊川 正達
[2026/5/27 6:33:28]     馬番10 枠6 オケアノステソーロ / 騎手:木幡 巧也 / 師:田中 剛
[2026/5/27 6:33:28]     馬番11 枠7 ブライスフェアリー / 騎手:松岡 正海 / 師:堀内 岳志
[2026/5/27 6:33:28]     馬番12 枠7 ファインブライト / 騎手:原 優介 / 師:佐藤 吉勝
[2026/5/27 6:33:28]     馬番13 枠8 ジュナベーラ / 騎手:D.レーン / 師:木村 哲也
[2026/5/27 6:33:28]     馬番14 枠8 レガリーノ / 騎手:三浦 皇成 / 師:池上 昌和
[2026/5/27 6:33:28]   [2回東京10日 5R] レース一覧へ戻る...
[2026/5/27 6:33:29]   [2回東京10日 6R] 単複ページへ遷移... (XXX 3歳1勝クラス（特指）)
[2026/5/27 6:33:32]   [2回東京10日 6R] 14頭取得
[2026/5/27 6:33:32]     馬番 1 枠1 レピュニット / 騎手:M.ディー / 師:宮田 敬介
[2026/5/27 6:33:32]     馬番 2 枠2 チームユートピア / 騎手:田辺 裕信 / 師:中舘 英二
[2026/5/27 6:33:32]     馬番 3 枠3 ラインジーク / 騎手:横山 和生 / 師:水野 貴広
[2026/5/27 6:33:32]     馬番 4 枠3 リアライズタキオン / 騎手:津村 明秀 / 師:手塚 貴久
[2026/5/27 6:33:32]     馬番 5 枠4 クラディスティーナ / 騎手:佐々木 大輔 / 師:清水 英克
[2026/5/27 6:33:32]     馬番 6 枠4 ヘリテージブルーム / 騎手:戸崎 圭太 / 師:伊藤 圭三
[2026/5/27 6:33:32]     馬番 7 枠5 タイセイエキサイト / 騎手:木幡 巧也 / 師:青木 孝文
[2026/5/27 6:33:32]     馬番 8 枠5 マサノピンクレディ / 騎手:大野 拓弥 / 師:小笠 倫弘
[2026/5/27 6:33:32]     馬番 9 枠6 ベルゼビュート / 騎手:菅原 明良 / 師:高木 登
[2026/5/27 6:33:32]     馬番10 枠6 タイセイブルーム / 騎手:北村 宏司 / 師:古賀 慎明
[2026/5/27 6:33:32]     馬番11 枠7 マウンテンドーター / 騎手:柴田 大知 / 師:和田 雄二
[2026/5/27 6:33:32]     馬番12 枠7 パータリプトラ / 騎手:高杉 吏麒 / 師:武井 亮
[2026/5/27 6:33:32]     馬番13 枠8 リアライズブラーヴ / 騎手:西村 淳也 / 師:杉山 晴紀
[2026/5/27 6:33:32]     馬番14 枠8 スノースコール / 騎手:岩田 望来 / 師:加藤 征弘
[2026/5/27 6:33:32]   [2回東京10日 6R] レース一覧へ戻る...
[2026/5/27 6:33:33]   [2回東京10日 7R] 単複ページへ遷移... (XXX 4歳以上1勝クラス（混合）［指定］)
[2026/5/27 6:33:36]   [2回東京10日 7R] 17頭取得
[2026/5/27 6:33:36]     馬番 1 枠1 ムーンストラック / 騎手:三浦 皇成 / 師:武市 康男
[2026/5/27 6:33:36]     馬番 2 枠1 ポッポノフェスタ / 騎手:西村 太一 / 師:堀内 岳志
[2026/5/27 6:33:36]     馬番 3 枠2 ラファミリア / 騎手:菅原 明良 / 師:前川 恭子
[2026/5/27 6:33:36]     馬番 4 枠2 ジェロニモス / 騎手:岩田 望来 / 師:中村 直也
[2026/5/27 6:33:36]     馬番 5 枠3 ライヴスプーン / 騎手:小林 脩斗 / 師:尾形 和幸
[2026/5/27 6:33:36]     馬番 6 枠3 ヘルツアス / 騎手:柴田 大知 / 師:森田 直行
[2026/5/27 6:33:36]     馬番 7 枠4 サンセットビュー / 騎手:M.ディー / 師:新谷 功一
[2026/5/27 6:33:36]     馬番 8 枠4 ポルトフェリス / 騎手:戸崎 圭太 / 師:栗田 徹
[2026/5/27 6:33:36]     馬番 9 枠5 マイネルアウルム / 騎手:木幡 巧也 / 師:伊藤 伸一
[2026/5/27 6:33:36]     馬番10 枠5 ウィンスタンリー / 騎手:北村 宏司 / 師:黒岩 陽一
[2026/5/27 6:33:36]     馬番11 枠6 ウーバーストロング / 騎手:木幡 育也 / 師:杉浦 宏昭
[2026/5/27 6:33:36]     馬番12 枠6 イリュストル / 騎手:佐々木 大輔 / 師:大竹 正博
[2026/5/27 6:33:36]     馬番13 枠7 キロノヴァ / 騎手:大野 拓弥 / 師:大竹 正博
[2026/5/27 6:33:36]     馬番14 枠7 ニヴルヘイム / 騎手:津村 明秀 / 師:矢嶋 大樹
[2026/5/27 6:33:36]     馬番15 枠8 ストレートブラック / 騎手:松岡 正海 / 師:奥平 雅士
[2026/5/27 6:33:36]     馬番16 枠8 サラコスティ / 騎手:D.レーン / 師:池添 学
[2026/5/27 6:33:36]     馬番17 枠8 ガンバルマン / 騎手:原 優介 / 師:萱野 浩二
[2026/5/27 6:33:36]   [2回東京10日 7R] レース一覧へ戻る...
[2026/5/27 6:33:38]   [2回東京10日 8R] 単複ページへ遷移... (XXX 三峰山特別)
[2026/5/27 6:33:41]   [2回東京10日 8R] 16頭取得
[2026/5/27 6:33:41]     馬番 1 枠1 ミルフルール / 騎手:吉田 豊 / 師:伊坂 重信
[2026/5/27 6:33:41]     馬番 2 枠1 マンダリンボレロ / 騎手:松岡 正海 / 師:伊藤 伸一
[2026/5/27 6:33:41]     馬番 3 枠2 クラッシファイド / 騎手:坂井 瑠星 / 師:黒岩 陽一
[2026/5/27 6:33:41]     馬番 4 枠2 ライフゲート / 騎手:松山 弘平 / 師:伊藤 圭三
[2026/5/27 6:33:41]     馬番 5 枠3 ディーズゴールド / 騎手:C.ルメール / 師:田村 康仁
[2026/5/27 6:33:41]     馬番 6 枠3 バロンドール / 騎手:横山 典弘 / 師:松永 幹夫
[2026/5/27 6:33:41]     馬番 7 枠4 サンコンクエスト / 騎手:西村 淳也 / 師:渡辺 薫彦
[2026/5/27 6:33:41]     馬番 8 枠4 ニューファウンド / 騎手:木幡 巧也 / 師:相沢 郁
[2026/5/27 6:33:41]     馬番 9 枠5 リザードアイランド / 騎手:横山 和生 / 師:田村 康仁
[2026/5/27 6:33:41]     馬番10 枠5 オーロラアーク / 騎手:柴田 大知 / 師:石栗 龍彦
[2026/5/27 6:33:41]     馬番11 枠6 ヘニーガイスト / 騎手:横山 武史 / 師:加藤 征弘
[2026/5/27 6:33:41]     馬番12 枠6 シンボリノエル / 騎手:佐々木 大輔 / 師:秋本 大介
[2026/5/27 6:33:41]     馬番13 枠7 ペッレグリーニ / 騎手:岩田 望来 / 師:手塚 貴久
[2026/5/27 6:33:41]     馬番14 枠7 バルダンツァ / 騎手:田辺 裕信 / 師:天間 昭一
[2026/5/27 6:33:41]     馬番15 枠8 サンカルミア / 騎手:菅原 明良 / 師:伊坂 重信
[2026/5/27 6:33:41]     馬番16 枠8 ホレーショ / 騎手:戸崎 圭太 / 師:西田 雄一郎
[2026/5/27 6:33:41]   [2回東京10日 8R] レース一覧へ戻る...
[2026/5/27 6:33:42]   [2回東京10日 9R] 単複ページへ遷移... (XXX 国分寺特別)
[2026/5/27 6:33:45]   [2回東京10日 9R] 12頭取得
[2026/5/27 6:33:45]     馬番 1 枠1 アールヴィヴァン / 騎手:C.ルメール / 師:田中 博康
[2026/5/27 6:33:45]     馬番 2 枠2 レッドバレンティア / 騎手:原 優介 / 師:矢嶋 大樹
[2026/5/27 6:33:45]     馬番 3 枠3 ドリームクルーズ / 騎手:吉田 豊 / 師:戸田 博文
[2026/5/27 6:33:45]     馬番 4 枠4 ホークマン / 騎手:谷原 柚希 / 師:粕谷 昌央
[2026/5/27 6:33:45]     馬番 5 枠5 ヤマメキング / 騎手:佐々木 大輔 / 師:田島 俊明
[2026/5/27 6:33:45]     馬番 6 枠5 アルゲンテウス / 騎手:横山 和生 / 師:小島 茂之
[2026/5/27 6:33:45]     馬番 7 枠6 ウインドラート / 騎手:木幡 巧也 / 師:水野 貴広
[2026/5/27 6:33:45]     馬番 8 枠6 フォルラニーニ / 騎手:D.レーン / 師:手塚 貴久
[2026/5/27 6:33:45]     馬番 9 枠7 ヴァリオーサ / 騎手:今村 聖奈 / 師:武 幸四郎
[2026/5/27 6:33:45]     馬番10 枠7 コスモイシュタル / 騎手:松岡 正海 / 師:深山 雅史
[2026/5/27 6:33:45]     馬番11 枠8 コスタデラルス / 騎手:柴田 大知 / 師:和田 雄二
[2026/5/27 6:33:45]     馬番12 枠8 バガン / 騎手:岩田 望来 / 師:宮地 貴稔
[2026/5/27 6:33:45]   [2回東京10日 9R] レース一覧へ戻る...
[2026/5/27 6:33:46]   [2回東京10日 10R] 単複ページへ遷移... (XXX フリーウェイS)
[2026/5/27 6:33:49]   [2回東京10日 10R] 14頭取得
[2026/5/27 6:33:49]     馬番 1 枠1 スカイハイ / 騎手:岩田 望来 / 師:清水 久詞
[2026/5/27 6:33:49]     馬番 2 枠2 サトミノキラリ / 騎手:横山 典弘 / 師:鈴木 伸尋
[2026/5/27 6:33:49]     馬番 3 枠3 コートアリシアン / 騎手:津村 明秀 / 師:伊藤 大士
[2026/5/27 6:33:49]     馬番 4 枠3 トーセンエスクード / 騎手:D.レーン / 師:菊沢 隆徳
[2026/5/27 6:33:49]     馬番 5 枠4 エイムフォーエース / 騎手:高杉 吏麒 / 師:武井 亮
[2026/5/27 6:33:49]     馬番 6 枠4 レッドエヴァンス / 騎手:C.ルメール / 師:東田 明士
[2026/5/27 6:33:49]     馬番 7 枠5 コスモサガルマータ / 騎手:菅原 明良 / 師:嘉藤 貴行
[2026/5/27 6:33:49]     馬番 8 枠5 コスモアディラート / 騎手:松岡 正海 / 師:和田 正一郎
[2026/5/27 6:33:49]     馬番 9 枠6 グーテンベルク / 騎手:戸崎 圭太 / 師:金成 貴史
[2026/5/27 6:33:49]     馬番10 枠6 モーデン / 騎手:M.ディー / 師:加藤 公太
[2026/5/27 6:33:49]     馬番11 枠7 ピコローズ / 騎手:三浦 皇成 / 師:伊藤 大士
[2026/5/27 6:33:49]     馬番12 枠7 ポエットリー / 騎手:浜中 俊 / 師:平田 修
[2026/5/27 6:33:49]     馬番13 枠8 ウインオーディン / 騎手:横山 和生 / 師:鹿戸 雄一
[2026/5/27 6:33:49]     馬番14 枠8 ユハンヌス / 騎手:横山 武史 / 師:大久保 龍志
[2026/5/27 6:33:49]   [2回東京10日 10R] レース一覧へ戻る...
[2026/5/27 6:33:51]   [2回東京10日 11R] 単複ページへ遷移... (XXX 優駿牝馬)
[2026/5/27 6:33:54]   [2回東京10日 11R] 18頭取得
[2026/5/27 6:33:54]     馬番 1 枠1 ミツカネベネラ / 騎手:横山 和生 / 師:鈴木 伸尋
[2026/5/27 6:33:54]     馬番 2 枠1 レイクラシック / 騎手:M.ディー / 師:新谷 功一
[2026/5/27 6:33:54]     馬番 3 枠2 アランカール / 騎手:武 豊 / 師:斉藤 崇史
[2026/5/27 6:33:54]     馬番 4 枠2 ロングトールサリー / 騎手:戸崎 圭太 / 師:福永 祐一
[2026/5/27 6:33:54]     馬番 5 枠3 リアライズルミナス / 騎手:津村 明秀 / 師:橋口 慎介
[2026/5/27 6:33:54]     馬番 6 枠3 ロンギングセリーヌ / 騎手:石橋 脩 / 師:竹内 正洋
[2026/5/27 6:33:54]     馬番 7 枠4 スタニングレディ / 騎手:三浦 皇成 / 師:高木 登
[2026/5/27 6:33:54]     馬番 8 枠4 スマートプリエール / 騎手:原 優介 / 師:大久保 龍志
[2026/5/27 6:33:54]     馬番 9 枠5 トリニティ / 騎手:西村 淳也 / 師:安田 翔伍
[2026/5/27 6:33:54]     馬番10 枠5 スターアニス / 騎手:松山 弘平 / 師:高野 友和
[2026/5/27 6:33:54]     馬番11 枠6 アメティスタ / 騎手:横山 武史 / 師:牧浦 充徳
[2026/5/27 6:33:54]     馬番12 枠6 ドリームコア / 騎手:C.ルメール / 師:大竹 正博
[2026/5/27 6:33:54]     馬番13 枠7 エンネ / 騎手:坂井 瑠星 / 師:吉岡 辰弥
[2026/5/27 6:33:54]     馬番14 枠7 ソルパッサーレ / 騎手:浜中 俊 / 師:四位 洋文
[2026/5/27 6:33:54]     馬番15 枠7 アンジュドジョワ / 騎手:岩田 望来 / 師:福永 祐一
[2026/5/27 6:33:54]     馬番16 枠8 ジュウリョクピエロ / 騎手:今村 聖奈 / 師:寺島 良
[2026/5/27 6:33:54]     馬番17 枠8 スウィートハピネス / 騎手:高杉 吏麒 / 師:北出 成人
[2026/5/27 6:33:54]     馬番18 枠8 ラフターラインズ / 騎手:D.レーン / 師:小笠 倫弘
[2026/5/27 6:33:54]   [2回東京10日 11R] レース一覧へ戻る...
[2026/5/27 6:33:55]   [2回東京10日 12R] 単複ページへ遷移... (XXX 丹沢ステークス)
[2026/5/27 6:33:58]   [2回東京10日 12R] 16頭取得
[2026/5/27 6:33:58]     馬番 1 枠1 ワンパット / 騎手:松山 弘平 / 師:高橋 亮
[2026/5/27 6:33:58]     馬番 2 枠1 ジェイエルマスター / 騎手:横山 和生 / 師:平岩 大典
[2026/5/27 6:33:58]     馬番 3 枠2 タイセイアディクト / 騎手:坂井 瑠星 / 師:池上 昌和
[2026/5/27 6:33:58]     馬番 4 枠2 ジャスパーグレイト / 騎手:横山 典弘 / 師:森 秀行
[2026/5/27 6:33:58]     馬番 5 枠3 ロングウェイホーム / 騎手:D.レーン / 師:伊坂 重信
[2026/5/27 6:33:58]     馬番 6 枠3 ホウオウバリスタ / 騎手:横山 武史 / 師:稲垣 幸雄
[2026/5/27 6:33:58]     馬番 7 枠4 ギュルヴィ / 騎手:武 豊 / 師:大久保 龍志
[2026/5/27 6:33:58]     馬番 8 枠4 ビップスコーピオン / 騎手:松岡 正海 / 師:田島 俊明
[2026/5/27 6:33:58]     馬番 9 枠5 ニューバラード / 騎手:木幡 巧也 / 師:尾関 知人
[2026/5/27 6:33:58]     馬番10 枠5 インジケーター / 騎手:北村 宏司 / 師:高橋 康之
[2026/5/27 6:33:58]     馬番11 枠6 パカーラン / 騎手:M.ディー / 師:藤原 英昭
[2026/5/27 6:33:58]     馬番12 枠6 タンゴバイラリン / 騎手:原 優介 / 師:栗田 徹
[2026/5/27 6:33:58]     馬番13 枠7 メイショウフジ / 騎手:大野 拓弥 / 師:和田 勇介
[2026/5/27 6:33:58]     馬番14 枠7 ロカヒ / 騎手:三浦 皇成 / 師:飯田 祐史
[2026/5/27 6:33:58]     馬番15 枠8 サンセットブライト / 騎手:吉田 豊 / 師:相沢 郁
[2026/5/27 6:33:58]     馬番16 枠8 ダカラフェスティヴ / 騎手:戸崎 圭太 / 師:奥平 雅士
[2026/5/27 6:33:58]   [2回東京10日 12R] レース一覧へ戻る...
[2026/5/27 6:33:59]   2回東京10日 全レース完了 → 開催選択へ戻る
[2026/5/27 6:34:02] 
[2026/5/27 6:34:02] ----------------------------------------------------------------
[2026/5/27 6:34:02] [Step 3] 3回京都10日 (2026-05-24) 処理開始
[2026/5/27 6:34:02] ----------------------------------------------------------------
[2026/5/27 6:34:02]   開催「3回京都10日」クリック...
[2026/5/27 6:34:05]   レース一覧: 12件確認
[2026/5/27 6:34:05]   [3回京都10日 1R] 単複ページへ遷移... (XXX 3歳未勝利牝［指定］)
[2026/5/27 6:34:08]   [3回京都10日 1R] 16頭取得
[2026/5/27 6:34:08]     馬番 1 枠1 メイショウサザナミ / 騎手:太宰 啓介 / 師:本田 優
[2026/5/27 6:34:08]     馬番 2 枠1 ソルアモール / 騎手:荻野 琢真 / 師:宮本 博
[2026/5/27 6:34:08]     馬番 3 枠2 ジョーマゴス / 騎手:松若 風馬 / 師:中竹 和也
[2026/5/27 6:34:08]     馬番 4 枠2 プリュイドール / 騎手:鮫島 克駿 / 師:矢作 芳人
[2026/5/27 6:34:08]     馬番 5 枠3 カイユレ / 騎手:角田 大和 / 師:田中 克典
[2026/5/27 6:34:08]     馬番 6 枠3 セントピュアベース / 騎手:酒井 学 / 師:藤野 健太
[2026/5/27 6:34:08]     馬番 7 枠4 マクノス / 騎手:田口 貫太 / 師:鈴木 孝志
[2026/5/27 6:34:08]     馬番 8 枠4 アリディプラチノ / 騎手:国分 優作 / 師:畑端 省吾
[2026/5/27 6:34:08]     馬番 9 枠5 レイナサンライズ / 騎手:藤懸 貴志 / 師:平田 修
[2026/5/27 6:34:08]     馬番10 枠5 メイプルキュート / 騎手:秋山 稔樹 / 師:北出 成人
[2026/5/27 6:34:08]     馬番11 枠6 フィデリス / 騎手:北村 友一 / 師:坂口 智康
[2026/5/27 6:34:08]     馬番12 枠6 レステダンルヴァン / 騎手:吉村 誠之助 / 師:藤岡 健一
[2026/5/27 6:34:08]     馬番13 枠7 ブラッドムーン / 騎手:田山 旺佑 / 師:宮本 博
[2026/5/27 6:34:08]     馬番14 枠7 エアリアルグレース / 騎手:川又 賢治 / 師:吉村 圭司
[2026/5/27 6:34:08]     馬番15 枠8 ディアデムドール / 騎手:吉田 隼人 / 師:今野 貞一
[2026/5/27 6:34:08]     馬番16 枠8 オヤツノジカン / 騎手:幸 英明 / 師:高橋 義忠
[2026/5/27 6:34:08]   [3回京都10日 1R] レース一覧へ戻る...
[2026/5/27 6:34:09]   [3回京都10日 2R] 単複ページへ遷移... (XXX 3歳未勝利[指定])
[2026/5/27 6:34:12]   [3回京都10日 2R] 13頭取得
[2026/5/27 6:34:12]     馬番 1 枠1 ワンダーゾルダート / 騎手:幸 英明 / 師:羽月 友彦
[2026/5/27 6:34:12]     馬番 2 枠2 カセノコンコルド / 騎手:国分 優作 / 師:中尾 秀正
[2026/5/27 6:34:12]     馬番 3 枠3 トーアシチフクジン / 騎手:池添 謙一 / 師:村田 一誠
[2026/5/27 6:34:12]     馬番 4 枠4 サーブルディアマン / 騎手:M.デムーロ / 師:坂口 智康
[2026/5/27 6:34:12]     馬番 5 枠4 コスモタキシード / 騎手:田口 貫太 / 師:吉田 直弘
[2026/5/27 6:34:12]     馬番 6 枠5 ラヴィアンコール / 騎手:菱田 裕二 / 師:辻野 泰之
[2026/5/27 6:34:12]     馬番 7 枠5 ピエナブラック / 騎手:団野 大成 / 師:荒川 義之
[2026/5/27 6:34:12]     馬番 8 枠6 スズノグレイス / 騎手:藤懸 貴志 / 師:牧田 和弥
[2026/5/27 6:34:12]     馬番 9 枠6 フチサンチャチャ / 騎手:岡田 祥嗣 / 師:笹田 和秀
[2026/5/27 6:34:12]     馬番10 枠7 シギーコルエンド / 騎手:荻野 琢真 / 師:大久保 龍志
[2026/5/27 6:34:12]     馬番11 枠7 ウインモンクール / 騎手:松若 風馬 / 師:新谷 功一
[2026/5/27 6:34:12]     馬番12 枠8 グランワールド / 騎手:田山 旺佑 / 師:新谷 功一
[2026/5/27 6:34:12]     馬番13 枠8 ガラード / 騎手:鮫島 克駿 / 師:杉山 佳明
[2026/5/27 6:34:12]   [3回京都10日 2R] レース一覧へ戻る...
[2026/5/27 6:34:14]   [3回京都10日 3R] 単複ページへ遷移... (XXX 3歳未勝利[指定])
[2026/5/27 6:34:17]   [3回京都10日 3R] 18頭取得
[2026/5/27 6:34:17]     馬番 1 枠1 ハヤブササキチャン / 騎手:吉田 隼人 / 師:東田 明士
[2026/5/27 6:34:17]     馬番 2 枠1 アスクウルトラモア / 騎手:長浜 鴻緒 / 師:前川 恭子
[2026/5/27 6:34:17]     馬番 3 枠2 タイムレスフレアー / 騎手:鮫島 克駿 / 師:橋口 慎介
[2026/5/27 6:34:17]     馬番 4 枠2 ブランチアウト / 騎手:太宰 啓介 / 師:昆 貢
[2026/5/27 6:34:17]     馬番 5 枠3 ルージュソムニウム / 騎手:吉村 誠之助 / 師:加藤 公太
[2026/5/27 6:34:17]     馬番 6 枠3 エイシンリーガル / 騎手:酒井 学 / 師:高橋 康之
[2026/5/27 6:34:17]     馬番 7 枠4 ゴッドレイ / 騎手:松若 風馬 / 師:杉山 晴紀
[2026/5/27 6:34:17]     馬番 8 枠4 ピンクパンサー / 騎手:加藤 祥太 / 師:庄野 靖志
[2026/5/27 6:34:17]     馬番 9 枠5 フィエスタ / 騎手:田山 旺佑 / 師:西村 真幸
[2026/5/27 6:34:17]     馬番10 枠5 アズライトアスール / 騎手:幸 英明 / 師:鈴木 孝志
[2026/5/27 6:34:17]     馬番11 枠6 キボウホー / 騎手:角田 大和 / 師:松永 幹夫
[2026/5/27 6:34:17]     馬番12 枠6 ミキノヒストリー / 騎手:国分 優作 / 師:大橋 勇樹
[2026/5/27 6:34:17]     馬番13 枠7 モズガネシア / 騎手:菱田 裕二 / 師:中尾 秀正
[2026/5/27 6:34:17]     馬番14 枠7 パラフローラ / 騎手:M.デムーロ / 師:今野 貞一
[2026/5/27 6:34:17]     馬番15 枠7 リン / 騎手:団野 大成 / 師:四位 洋文
[2026/5/27 6:34:17]     馬番16 枠8 メイショウノヴァス / 騎手:田口 貫太 / 師:大橋 勇樹
[2026/5/27 6:34:17]     馬番17 枠8 ユウトザイシン / 騎手:藤懸 貴志 / 師:千田 輝彦
[2026/5/27 6:34:17]     馬番18 枠8 ジュエルブリス / 騎手:国分 恭介 / 師:宮地 貴稔
[2026/5/27 6:34:17]   [3回京都10日 3R] レース一覧へ戻る...
[2026/5/27 6:34:18]   [3回京都10日 4R] 単複ページへ遷移... (XXX 3歳未勝利（混合）［指定］)
[2026/5/27 6:34:21]   [3回京都10日 4R] 10頭取得
[2026/5/27 6:34:21]     馬番 1 枠1 スノースケープ / 騎手:川田 将雅 / 師:中内田 充正
[2026/5/27 6:34:21]     馬番 2 枠2 シャリキモン / 騎手:角田 大和 / 師:吉田 直弘
[2026/5/27 6:34:21]     馬番 3 枠3 アメジストブリエ / 騎手:高倉 稜 / 師:武 英智
[2026/5/27 6:34:21]     馬番 4 枠4 カヴァティーナ / 騎手:幸 英明 / 師:大根田 裕之
[2026/5/27 6:34:21]     馬番 5 枠5 スフィダンテ / 騎手:酒井 学 / 師:高橋 康之
[2026/5/27 6:34:21]     馬番 6 枠6 ダノンワンダー / 騎手:鮫島 克駿 / 師:友道 康夫
[2026/5/27 6:34:21]     馬番 7 枠7 マコトエウロペ / 騎手:太宰 啓介 / 師:昆 貢
[2026/5/27 6:34:21]     馬番 8 枠7 ナムラシンジロー / 騎手:藤懸 貴志 / 師:羽月 友彦
[2026/5/27 6:34:21]     馬番 9 枠8 ヘブンクローバー / 騎手:川又 賢治 / 師:杉山 佳明
[2026/5/27 6:34:21]     馬番10 枠8 ティタノマキア / 騎手:北村 友一 / 師:池添 学
[2026/5/27 6:34:21]   [3回京都10日 4R] レース一覧へ戻る...
[2026/5/27 6:34:22]   [3回京都10日 5R] 単複ページへ遷移... (XXX 3歳1勝クラス（混合）（特指）)
[2026/5/27 6:34:25]   [3回京都10日 5R] 9頭取得
[2026/5/27 6:34:25]     馬番 1 枠1 マイケルバローズ / 騎手:川田 将雅 / 師:上村 洋行
[2026/5/27 6:34:25]     馬番 2 枠2 フィラーエ / 騎手:国分 恭介 / 師:高橋 康之
[2026/5/27 6:34:25]     馬番 3 枠3 ウォーターサグラダ / 騎手:菱田 裕二 / 師:武 幸四郎
[2026/5/27 6:34:25]     馬番 4 枠4 サンセットゴールド / 騎手:団野 大成 / 師:矢作 芳人
[2026/5/27 6:34:25]     馬番 5 枠5 メイクワンズデイ / 騎手:松若 風馬 / 師:宮地 貴稔
[2026/5/27 6:34:25]     馬番 6 枠6 ベネサルート / 騎手:北村 友一 / 師:渡辺 薫彦
[2026/5/27 6:34:25]     馬番 7 枠7 ミルトベスト / 騎手:藤懸 貴志 / 師:中村 直也
[2026/5/27 6:34:25]     馬番 8 枠8 マーゴットミスト / 騎手:吉村 誠之助 / 師:杉山 佳明
[2026/5/27 6:34:25]     馬番 9 枠8 モンサンゴールデン / 騎手:鮫島 克駿 / 師:中竹 和也
[2026/5/27 6:34:25]   [3回京都10日 5R] レース一覧へ戻る...
[2026/5/27 6:34:27]   [3回京都10日 6R] 単複ページへ遷移... (XXX 3歳1勝クラス[指定])
[2026/5/27 6:34:30]   [3回京都10日 6R] 16頭取得
[2026/5/27 6:34:30]     馬番 1 枠1 ルファーダ / 騎手:幸 英明 / 師:大根田 裕之
[2026/5/27 6:34:30]     馬番 2 枠1 リオンサーガ / 騎手:田山 旺佑 / 師:宮地 貴稔
[2026/5/27 6:34:30]     馬番 3 枠2 ビズロード / 騎手:菱田 裕二 / 師:小崎 憲
[2026/5/27 6:34:30]     馬番 4 枠2 レイサンソク / 騎手:鮫島 克駿 / 師:吉村 圭司
[2026/5/27 6:34:30]     馬番 5 枠3 ヴァイヴァーイ / 騎手:田口 貫太 / 師:小崎 憲
[2026/5/27 6:34:30]     馬番 6 枠3 ミスターエメラルド / 騎手:吉村 誠之助 / 師:中村 直也
[2026/5/27 6:34:30]     馬番 7 枠4 ホールオブミラーズ / 騎手:北村 友一 / 師:高野 友和
[2026/5/27 6:34:30]     馬番 8 枠4 シャローファースト / 騎手:団野 大成 / 師:安田 翔伍
[2026/5/27 6:34:30]     馬番 9 枠5 アスクドゥチャンプ / 騎手:荻野 琢真 / 師:藤原 英昭
[2026/5/27 6:34:30]     馬番10 枠5 ユアフェリシティ / 騎手:原田 和真 / 師:千葉 直人
[2026/5/27 6:34:30]     馬番11 枠6 メイショウサッソウ / 騎手:加藤 祥太 / 師:庄野 靖志
[2026/5/27 6:34:30]     馬番12 枠6 ボクマダネムイヨ / 騎手:川田 将雅 / 師:東田 明士
[2026/5/27 6:34:30]     馬番13 枠7 アイアムジャイアン / 騎手:長浜 鴻緒 / 師:奥平 雅士
[2026/5/27 6:34:30]     馬番14 枠7 カイラーサ / 騎手:鮫島 良太 / 師:河嶋 宏樹
[2026/5/27 6:34:30]     馬番15 枠8 レザーアンドレース / 騎手:松若 風馬 / 師:平田 修
[2026/5/27 6:34:30]     馬番16 枠8 アンソニー / 騎手:M.デムーロ / 師:武 幸四郎
[2026/5/27 6:34:30]   [3回京都10日 6R] レース一覧へ戻る...
[2026/5/27 6:34:31]   [3回京都10日 7R] 単複ページへ遷移... (XXX 4歳以上1勝クラス（混合）［指定］)
[2026/5/27 6:34:34]   [3回京都10日 7R] 18頭取得
[2026/5/27 6:34:34]     馬番 1 枠1 アーニャワクワク / 騎手:国分 恭介 / 師:谷 潔
[2026/5/27 6:34:34]     馬番 2 枠1 サラサラヘアー / 騎手:高倉 稜 / 師:前川 恭子
[2026/5/27 6:34:34]     馬番 3 枠2 ハルオーブ / 騎手:酒井 学 / 師:武井 亮
[2026/5/27 6:34:34]     馬番 4 枠2 ウォーターエアリー / 騎手:松若 風馬 / 師:高柳 大輔
[2026/5/27 6:34:34]     馬番 5 枠3 バダジェフスカ / 騎手:池添 謙一 / 師:柴田 卓
[2026/5/27 6:34:34]     馬番 6 枠3 メラヴィリオーザ / 騎手:藤懸 貴志 / 師:秋山 真一郎
[2026/5/27 6:34:34]     馬番 7 枠4 ブルーレース / 騎手:田山 旺佑 / 師:宮本 博
[2026/5/27 6:34:34]     馬番 8 枠4 ワールドキッス / 騎手:鮫島 良太 / 師:河嶋 宏樹
[2026/5/27 6:34:34]     馬番 9 枠5 モンタルチーノ / 騎手:吉村 誠之助 / 師:庄野 靖志
[2026/5/27 6:34:34]     馬番10 枠5 メイショウサチダケ / 騎手:田口 貫太 / 師:鈴木 孝志
[2026/5/27 6:34:34]     馬番11 枠6 サリュエ / 騎手:団野 大成 / 師:野中 賢二
[2026/5/27 6:34:34]     馬番12 枠6 ペールノエル / 騎手:北村 友一 / 師:西村 真幸
[2026/5/27 6:34:34]     馬番13 枠7 ハッピーサプライズ / 騎手:長浜 鴻緒 / 師:佐藤 吉勝
[2026/5/27 6:34:34]     馬番14 枠7 エイトスターズ / 騎手:M.デムーロ / 師:坂口 智康
[2026/5/27 6:34:34]     馬番15 枠7 マリブオレンジ / 騎手:幸 英明 / 師:福永 祐一
[2026/5/27 6:34:34]     馬番16 枠8 ノボリリア / 騎手:太宰 啓介 / 師:石橋 守
[2026/5/27 6:34:34]     馬番17 枠8 ラブアイミー / 騎手:角田 大和 / 師:森田 直行
[2026/5/27 6:34:34]     馬番18 枠8 レモンバーム / 騎手:国分 優作 / 師:嘉藤 貴行
[2026/5/27 6:34:34]   [3回京都10日 7R] レース一覧へ戻る...
[2026/5/27 6:34:35]   [3回京都10日 8R] 単複ページへ遷移... (XXX 4歳以上2勝クラス[指定])
[2026/5/27 6:34:38]   [3回京都10日 8R] 12頭取得
[2026/5/27 6:34:38]     馬番 1 枠1 テーオーライマン / 騎手:菱田 裕二 / 師:宮 徹
[2026/5/27 6:34:38]     馬番 2 枠2 パーサヴィアランス / 騎手:角田 大和 / 師:西村 真幸
[2026/5/27 6:34:38]     馬番 3 枠3 ケーヴァラ / 騎手:秋山 稔樹 / 師:羽月 友彦
[2026/5/27 6:34:38]     馬番 4 枠4 メイショウオオコ / 騎手:団野 大成 / 師:荒川 義之
[2026/5/27 6:34:38]     馬番 5 枠5 サイモンシュバリエ / 騎手:吉村 誠之助 / 師:梅田 智之
[2026/5/27 6:34:38]     馬番 6 枠5 タイガースパーク / 騎手:田口 貫太 / 師:大橋 勇樹
[2026/5/27 6:34:38]     馬番 7 枠6 フラッシング / 騎手:鮫島 良太 / 師:牧浦 充徳
[2026/5/27 6:34:38]     馬番 8 枠6 クリノフィガロ / 騎手:幸 英明 / 師:荒川 義之
[2026/5/27 6:34:38]     馬番 9 枠7 メイケイロゼッタ / 騎手:酒井 学 / 師:河嶋 宏樹
[2026/5/27 6:34:38]     馬番10 枠7 トゥルブレンシア / 騎手:田山 旺佑 / 師:東田 明士
[2026/5/27 6:34:38]     馬番11 枠8 マハナ / 騎手:M.デムーロ / 師:井上 智史
[2026/5/27 6:34:38]     馬番12 枠8 サパテアール / 騎手:国分 優作 / 師:畠山 吉宏
[2026/5/27 6:34:38]   [3回京都10日 8R] レース一覧へ戻る...
[2026/5/27 6:34:39]   [3回京都10日 9R] 単複ページへ遷移... (XXX 聖護院特別)
[2026/5/27 6:34:42]   [3回京都10日 9R] 11頭取得
[2026/5/27 6:34:42]     馬番 1 枠1 マテンロウギフト / 騎手:吉村 誠之助 / 師:茶木 太樹
[2026/5/27 6:34:42]     馬番 2 枠2 ジャズ / 騎手:吉田 隼人 / 師:辻野 泰之
[2026/5/27 6:34:42]     馬番 3 枠3 キーウェーブ / 騎手:M.デムーロ / 師:宮地 貴稔
[2026/5/27 6:34:42]     馬番 4 枠4 ロゼル / 騎手:幸 英明 / 師:大和田 成
[2026/5/27 6:34:42]     馬番 5 枠5 ショウナンバルドル / 騎手:田山 旺佑 / 師:須貝 尚介
[2026/5/27 6:34:42]     馬番 6 枠6 ナイトスラッガー / 騎手:鮫島 克駿 / 師:小手川 準
[2026/5/27 6:34:42]     馬番 7 枠6 ツーエムクロノス / 騎手:酒井 学 / 師:本田 優
[2026/5/27 6:34:42]     馬番 8 枠7 ジョイエッロ / 騎手:川田 将雅 / 師:池江 泰寿
[2026/5/27 6:34:42]     馬番 9 枠7 アラタマフェーヴル / 騎手:松若 風馬 / 師:浜田 多実雄
[2026/5/27 6:34:42]     馬番10 枠8 メイショウヤシマ / 騎手:角田 大和 / 師:高橋 亮
[2026/5/27 6:34:42]     馬番11 枠8 クスクス / 騎手:池添 謙一 / 師:松下 武士
[2026/5/27 6:34:42]   [3回京都10日 9R] レース一覧へ戻る...
[2026/5/27 6:34:44]   [3回京都10日 10R] 単複ページへ遷移... (XXX 高瀬川ステークス)
[2026/5/27 6:34:47]   [3回京都10日 10R] 14頭取得
[2026/5/27 6:34:47]     馬番 1 枠1 イミュータブル / 騎手:長浜 鴻緒 / 師:浜田 多実雄
[2026/5/27 6:34:47]     馬番 2 枠2 メイショウヤーキス / 騎手:菱田 裕二 / 師:飯田 祐史
[2026/5/27 6:34:47]     馬番 3 枠3 ワンダラー / 騎手:酒井 学 / 師:黒岩 陽一
[2026/5/27 6:34:47]     馬番 4 枠3 スノーサイレンス / 騎手:田山 旺佑 / 師:小栗 実
[2026/5/27 6:34:47]     馬番 5 枠4 ルクスデイジー / 騎手:団野 大成 / 師:高橋 亮
[2026/5/27 6:34:47]     馬番 6 枠4 トーアジョウトウ / 騎手:幸 英明 / 師:村田 一誠
[2026/5/27 6:34:47]     馬番 7 枠5 サザンエルフ / 騎手:田口 貫太 / 師:中川 公成
[2026/5/27 6:34:47]     馬番 8 枠5 シャカシャカシー / 騎手:松若 風馬 / 師:茶木 太樹
[2026/5/27 6:34:47]     馬番 9 枠6 ジャーヴィス / 騎手:藤懸 貴志 / 師:千田 輝彦
[2026/5/27 6:34:47]     馬番10 枠6 クアトロジャック / 騎手:吉村 誠之助 / 師:庄野 靖志
[2026/5/27 6:34:47]     馬番11 枠7 ハクサンアイリス / 騎手:川田 将雅 / 師:高橋 一哉
[2026/5/27 6:34:47]     馬番12 枠7 アンズアメ / 騎手:鮫島 克駿 / 師:高柳 大輔
[2026/5/27 6:34:47]     馬番13 枠8 エンヤラヴフェイス / 騎手:北村 友一 / 師:森田 直行
[2026/5/27 6:34:47]     馬番14 枠8 ゲイルライダー / 騎手:M.デムーロ / 師:牧浦 充徳
[2026/5/27 6:34:47]   [3回京都10日 10R] レース一覧へ戻る...
[2026/5/27 6:34:48]   [3回京都10日 11R] 単複ページへ遷移... (XXX 都大路ステークス)
[2026/5/27 6:34:51]   [3回京都10日 11R] 13頭取得
[2026/5/27 6:34:51]     馬番 1 枠1 ショウナンザナドゥ / 騎手:池添 謙一 / 師:松下 武士
[2026/5/27 6:34:51]     馬番 2 枠2 ガイアメンテ / 騎手:団野 大成 / 師:須貝 尚介
[2026/5/27 6:34:51]     馬番 3 枠3 スズカダブル / 騎手:松若 風馬 / 師:西村 真幸
[2026/5/27 6:34:51]     馬番 4 枠4 アンリーロード / 騎手:田口 貫太 / 師:茶木 太樹
[2026/5/27 6:34:51]     馬番 5 枠4 アサヒ / 騎手:田山 旺佑 / 師:金成 貴史
[2026/5/27 6:34:51]     馬番 6 枠5 ナムラエイハブ / 騎手:幸 英明 / 師:長谷川 浩大
[2026/5/27 6:34:51]     馬番 7 枠5 オーロラエックス / 騎手:吉村 誠之助 / 師:杉山 晴紀
[2026/5/27 6:34:51]     馬番 8 枠6 メリオーレム / 騎手:鮫島 克駿 / 師:友道 康夫
[2026/5/27 6:34:51]     馬番 9 枠6 コパノサントス / 騎手:藤懸 貴志 / 師:梅田 智之
[2026/5/27 6:34:51]     馬番10 枠7 チェルビアット / 騎手:北村 友一 / 師:高野 友和
[2026/5/27 6:34:51]     馬番11 枠7 ショウナンマグマ / 騎手:M.デムーロ / 師:尾関 知人
[2026/5/27 6:34:51]     馬番12 枠8 ジーティーアダマン / 騎手:川田 将雅 / 師:上村 洋行
[2026/5/27 6:34:51]     馬番13 枠8 ゴンバデカーブース / 騎手:菱田 裕二 / 師:堀 宣行
[2026/5/27 6:34:51]   [3回京都10日 11R] レース一覧へ戻る...
[2026/5/27 6:34:52]   [3回京都10日 12R] 単複ページへ遷移... (XXX 4歳以上1勝クラス[指定])
[2026/5/27 6:34:55]   [3回京都10日 12R] 16頭取得
[2026/5/27 6:34:55]     馬番 1 枠1 グディンナ / 騎手:藤懸 貴志 / 師:牧田 和弥
[2026/5/27 6:34:55]     馬番 2 枠1 レイム / 騎手:酒井 学 / 師:高橋 康之
[2026/5/27 6:34:55]     馬番 3 枠2 ハイクライテリア / 騎手:国分 優作 / 師:羽月 友彦
[2026/5/27 6:34:55]     馬番 4 枠2 クリノミニスター / 騎手:吉田 隼人 / 師:荒川 義之
[2026/5/27 6:34:55]     馬番 5 枠3 インピッシュ / 騎手:池添 謙一 / 師:中尾 秀正
[2026/5/27 6:34:55]     馬番 6 枠3 セルズパワー / 騎手:鮫島 克駿 / 師:牧田 和弥
[2026/5/27 6:34:55]     馬番 7 枠4 ウォーターパラディ / 騎手:国分 恭介 / 師:岡田 稲男
[2026/5/27 6:34:55]     馬番 8 枠4 ミヤジマナ / 騎手:菱田 裕二 / 師:宮地 貴稔
[2026/5/27 6:34:55]     馬番 9 枠5 アメリカンビーチ / 騎手:団野 大成 / 師:四位 洋文
[2026/5/27 6:34:55]     馬番10 枠5 ハッコウイチウ / 騎手:松若 風馬 / 師:杉山 晴紀
[2026/5/27 6:34:55]     馬番11 枠6 ミッションルース / 騎手:田口 貫太 / 師:平田 修
[2026/5/27 6:34:55]     馬番12 枠6 ブルーミングローズ / 騎手:北村 友一 / 師:高野 友和
[2026/5/27 6:34:55]     馬番13 枠7 ララバッカナール / 騎手:川田 将雅 / 師:佐藤 悠太
[2026/5/27 6:34:55]     馬番14 枠7 ジュルナール / 騎手:田山 旺佑 / 師:池添 学
[2026/5/27 6:34:55]     馬番15 枠8 ダノンフェルゼン / 騎手:吉村 誠之助 / 師:東田 明士
[2026/5/27 6:34:55]     馬番16 枠8 ベルピルエット / 騎手:長浜 鴻緒 / 師:小崎 憲
[2026/5/27 6:34:55]   [3回京都10日 12R] レース一覧へ戻る...
[2026/5/27 6:34:56]   3回京都10日 全レース完了 → 開催選択へ戻る
[2026/5/27 6:34:59] 
[2026/5/27 6:34:59] ----------------------------------------------------------------
[2026/5/27 6:34:59] [Step 3] 1回新潟8日 (2026-05-24) 処理開始
[2026/5/27 6:34:59] ----------------------------------------------------------------
[2026/5/27 6:34:59]   開催「1回新潟8日」クリック...
[2026/5/27 6:35:02]   レース一覧: 12件確認
[2026/5/27 6:35:02]   [1回新潟8日 1R] 単複ページへ遷移... (XXX 3歳未勝利（混合）［指定］)
[2026/5/27 6:35:05]   [1回新潟8日 1R] 16頭取得
[2026/5/27 6:35:05]     馬番 1 枠1 ウレシイゴサン / 騎手:嶋田 純次 / 師:伊藤 大士
[2026/5/27 6:35:05]     馬番 2 枠1 ブライティアロード / 騎手:石神 深道 / 師:和田 正一郎
[2026/5/27 6:35:05]     馬番 3 枠2 グランフォワイエ / 騎手:上里 直汰 / 師:室井 潔
[2026/5/27 6:35:05]     馬番 4 枠2 アンコ / 騎手:石田 拓郎 / 師:武 英智
[2026/5/27 6:35:05]     馬番 5 枠3 ピコバレット / 騎手:富田 暁 / 師:牧 光二
[2026/5/27 6:35:05]     馬番 6 枠3 ウインラブソング / 騎手:川端 海翼 / 師:宮 徹
[2026/5/27 6:35:05]     馬番 7 枠4 ドゥボヌール / 騎手:和田 陽希 / 師:奥村 豊
[2026/5/27 6:35:05]     馬番 8 枠4 シンデレラリバティ / 騎手:遠藤 汰月 / 師:蛯名 利弘
[2026/5/27 6:35:05]     馬番 9 枠5 ゲンテン / 騎手:F.ゴンサルベス / 師:尾関 知人
[2026/5/27 6:35:05]     馬番10 枠5 マイネルユーゲント / 騎手:小林 美駒 / 師:加藤 士津八
[2026/5/27 6:35:05]     馬番11 枠6 リュウセイコウテイ / 騎手:丹内 祐次 / 師:奥平 雅士
[2026/5/27 6:35:05]     馬番12 枠6 ソワンドヴィクター / 騎手:丸田 恭介 / 師:高橋 文雅
[2026/5/27 6:35:05]     馬番13 枠7 ハルヒメ / 騎手:舟山 瑠泉 / 師:矢嶋 大樹
[2026/5/27 6:35:05]     馬番14 枠7 ピコテーパー / 騎手:杉原 誠人 / 師:伊藤 大士
[2026/5/27 6:35:05]     馬番15 枠8 チャーミングアイ / 騎手:大久保 友雅 / 師:菊川 正達
[2026/5/27 6:35:05]     馬番16 枠8 ユニベールクイーン / 騎手:河原田 菜々 / 師:武市 康男
[2026/5/27 6:35:05]   [1回新潟8日 1R] レース一覧へ戻る...
[2026/5/27 6:35:07]   [1回新潟8日 2R] 単複ページへ遷移... (XXX 3歳未勝利牝［指定］)
[2026/5/27 6:35:10]   [1回新潟8日 2R] 15頭取得
[2026/5/27 6:35:10]     馬番 1 枠1 ジュディーイメル / 騎手:小林 美駒 / 師:武 英智
[2026/5/27 6:35:10]     馬番 2 枠2 メイワメジェール / 騎手:大久保 友雅 / 師:茶木 太樹
[2026/5/27 6:35:10]     馬番 3 枠2 アーガイルショア / 騎手:斎藤 新 / 師:安田 翔伍
[2026/5/27 6:35:10]     馬番 4 枠3 ジョリュウジャンシ / 騎手:菊沢 一樹 / 師:石栗 龍彦
[2026/5/27 6:35:10]     馬番 5 枠3 ジュエルサンライズ / 騎手:古川 奈穂 / 師:東田 明士
[2026/5/27 6:35:10]     馬番 6 枠4 キタノオンザバス / 騎手:上里 直汰 / 師:蛯名 利弘
[2026/5/27 6:35:10]     馬番 7 枠4 ヘヴンズドライブ / 騎手:F.ゴンサルベス / 師:和田 勇介
[2026/5/27 6:35:10]     馬番 8 枠5 ミヤカグラ / 騎手:石田 拓郎 / 師:田村 康仁
[2026/5/27 6:35:10]     馬番 9 枠5 オダイ / 騎手:野中 悠太郎 / 師:秋本 大介
[2026/5/27 6:35:10]     馬番10 枠6 プラチナムディスク / 騎手:舟山 瑠泉 / 師:小笠 倫弘
[2026/5/27 6:35:10]     馬番11 枠6 キャスケード / 騎手:長岡 禎仁 / 師:高橋 亮
[2026/5/27 6:35:10]     馬番12 枠7 ナムラカメコ / 騎手:森田 誠也 / 師:飯田 祐史
[2026/5/27 6:35:10]     馬番13 枠7 メリオルヴィア / 騎手:西塚 洸二 / 師:辻野 泰之
[2026/5/27 6:35:10]     馬番14 枠8 ブールドネージュ / 騎手:遠藤 汰月 / 師:大和田 成
[2026/5/27 6:35:10]     馬番15 枠8 キタノプレミアム / 騎手:中井 裕二 / 師:坂口 智康
[2026/5/27 6:35:10]   [1回新潟8日 2R] レース一覧へ戻る...
[2026/5/27 6:35:11]   [1回新潟8日 3R] 単複ページへ遷移... (XXX 3歳未勝利[指定])
[2026/5/27 6:35:14]   [1回新潟8日 3R] 10頭取得
[2026/5/27 6:35:14]     馬番 1 枠1 ホシヅキヨ / 騎手:石神 深道 / 師:柄崎 将寿
[2026/5/27 6:35:14]     馬番 2 枠2 マイネルゼーロス / 騎手:丹内 祐次 / 師:相沢 郁
[2026/5/27 6:35:14]     馬番 3 枠3 エルヴ / 騎手:川端 海翼 / 師:羽月 友彦
[2026/5/27 6:35:14]     馬番 4 枠4 トクシーゼファー / 騎手:横山 琉人 / 師:辻 哲英
[2026/5/27 6:35:14]     馬番 5 枠5 ザンテソーロ / 騎手:菊沢 一樹 / 師:畠山 吉宏
[2026/5/27 6:35:14]     馬番 6 枠6 セブンワンダーズ / 騎手:斎藤 新 / 師:斎藤 誠
[2026/5/27 6:35:14]     馬番 7 枠7 スナップジジ / 騎手:鷲頭 虎太 / 師:堀内 岳志
[2026/5/27 6:35:14]     馬番 8 枠7 ブライトラン / 騎手:河原田 菜々 / 師:尾形 和幸
[2026/5/27 6:35:14]     馬番 9 枠8 ラブミーアゲイン / 騎手:嶋田 純次 / 師:矢嶋 大樹
[2026/5/27 6:35:14]     馬番10 枠8 アイビーチーキー / 騎手:F.ゴンサルベス / 師:加藤 士津八
[2026/5/27 6:35:14]   [1回新潟8日 3R] レース一覧へ戻る...
[2026/5/27 6:35:15]   [1回新潟8日 4R] 単複ページへ遷移... (XXX 障害4歳以上未勝利)
[2026/5/27 6:35:18]   [1回新潟8日 4R] 13頭取得
[2026/5/27 6:35:18]     馬番 1 枠1 ノーブルクライ / 騎手:五十嵐 雄祐 / 師:田村 康仁
[2026/5/27 6:35:18]     馬番 2 枠2 リアルフォルゴーレ / 騎手:中村 将之 / 師:大橋 勇樹
[2026/5/27 6:35:18]     馬番 3 枠3 セットアップ / 騎手:大江原 圭 / 師:西田 雄一郎
[2026/5/27 6:35:18]     馬番 4 枠4 クラウンウルル / 騎手:小林 凌大 / 師:菊川 正達
[2026/5/27 6:35:18]     馬番 5 枠4 サングラデーション / 騎手:上野 翔 / 師:千葉 直人
[2026/5/27 6:35:18]     馬番 6 枠5 ルルフィーユ / 騎手:小坂 忠士 / 師:谷 潔
[2026/5/27 6:35:18]     馬番 7 枠5 ヴォルスター / 騎手:黒岩 悠 / 師:清水 久詞
[2026/5/27 6:35:18]     馬番 8 枠6 マグナレガリア / 騎手:森 一馬 / 師:相沢 郁
[2026/5/27 6:35:18]     馬番 9 枠6 ジロラータ / 騎手:草野 太郎 / 師:久保田 貴士
[2026/5/27 6:35:18]     馬番10 枠7 ダスク / 騎手:難波 剛健 / 師:宮本 博
[2026/5/27 6:35:18]     馬番11 枠7 バニーラビット / 騎手:小牧 加矢太 / 師:武 幸四郎
[2026/5/27 6:35:18]     馬番12 枠8 デスティネ / 騎手:江田 勇亮 / 師:萱野 浩二
[2026/5/27 6:35:18]     馬番13 枠8 スノーリン / 騎手:土田 真翔 / 師:和田 雄二
[2026/5/27 6:35:18]   [1回新潟8日 4R] レース一覧へ戻る...
[2026/5/27 6:35:19]   [1回新潟8日 5R] 単複ページへ遷移... (XXX 3歳未勝利[指定])
[2026/5/27 6:35:22]   [1回新潟8日 5R] 16頭取得
[2026/5/27 6:35:22]     馬番 1 枠1 ウインブリザード / 騎手:石神 深道 / 師:深山 雅史
[2026/5/27 6:35:22]     馬番 2 枠1 ジワタネホ / 騎手:小林 美駒 / 師:田村 康仁
[2026/5/27 6:35:22]     馬番 3 枠2 ゼータレティクル / 騎手:丹内 祐次 / 師:小手川 準
[2026/5/27 6:35:22]     馬番 4 枠2 ナムラオリガミ / 騎手:小崎 綾也 / 師:高橋 一哉
[2026/5/27 6:35:22]     馬番 5 枠3 ショウナンパステル / 騎手:野中 悠太郎 / 師:稲垣 幸雄
[2026/5/27 6:35:22]     馬番 6 枠3 マイネルアルゴー / 騎手:上里 直汰 / 師:清水 英克
[2026/5/27 6:35:22]     馬番 7 枠4 マサハヤルージュ / 騎手:和田 陽希 / 師:千田 輝彦
[2026/5/27 6:35:22]     馬番 8 枠4 ヴォンサクレ / 騎手:武藤 雅 / 師:勢司 和浩
[2026/5/27 6:35:22]     馬番 9 枠5 ジージージェット / 騎手:柴田 裕一郎 / 師:奥村 豊
[2026/5/27 6:35:22]     馬番10 枠5 レイヌドプランタン / 騎手:横山 琉人 / 師:矢嶋 大樹
[2026/5/27 6:35:22]     馬番11 枠6 ミョンソクコムドリ / 騎手:黛 弘人 / 師:奥平 雅士
[2026/5/27 6:35:22]     馬番12 枠6 ブルーザー / 騎手:舟山 瑠泉 / 師:池添 学
[2026/5/27 6:35:22]     馬番13 枠7 ダノンミッドナイト / 騎手:小沢 大仁 / 師:中内田 充正
[2026/5/27 6:35:22]     馬番14 枠7 キコリータ / 騎手:石田 拓郎 / 師:田中 勝春
[2026/5/27 6:35:22]     馬番15 枠8 ディアアズール / 騎手:丸山 元気 / 師:森 一誠
[2026/5/27 6:35:22]     馬番16 枠8 アースアクシス / 騎手:杉原 誠人 / 師:栗田 徹
[2026/5/27 6:35:22]   [1回新潟8日 5R] レース一覧へ戻る...
[2026/5/27 6:35:24]   [1回新潟8日 6R] 単複ページへ遷移... (XXX 3歳未勝利（混合）［指定］)
[2026/5/27 6:35:27]   [1回新潟8日 6R] 12頭取得
[2026/5/27 6:35:27]     馬番 1 枠1 ニシノロッドマン / 騎手:野中 悠太郎 / 師:矢嶋 大樹
[2026/5/27 6:35:27]     馬番 2 枠2 ホウオウストライク / 騎手:荻野 極 / 師:池江 泰寿
[2026/5/27 6:35:27]     馬番 3 枠3 メイショウイッカク / 騎手:河原田 菜々 / 師:池添 学
[2026/5/27 6:35:27]     馬番 4 枠4 クロームクロス / 騎手:斎藤 新 / 師:西園 翔太
[2026/5/27 6:35:27]     馬番 5 枠5 キングスペード / 騎手:富田 暁 / 師:武 英智
[2026/5/27 6:35:27]     馬番 6 枠5 ウルトラハート / 騎手:丸山 元気 / 師:中尾 秀正
[2026/5/27 6:35:27]     馬番 7 枠6 コイオステソーロ / 騎手:丹内 祐次 / 師:高木 登
[2026/5/27 6:35:27]     馬番 8 枠6 フィオリータ / 騎手:横山 琉人 / 師:大竹 正博
[2026/5/27 6:35:27]     馬番 9 枠7 キタノハイテイル / 騎手:古川 奈穂 / 師:羽月 友彦
[2026/5/27 6:35:27]     馬番10 枠7 マイカラー / 騎手:舟山 瑠泉 / 師:吉岡 辰弥
[2026/5/27 6:35:27]     馬番11 枠8 ドリームゴーズオン / 騎手:長岡 禎仁 / 師:高橋 亮
[2026/5/27 6:35:27]     馬番12 枠8 パンサーズ / 騎手:小沢 大仁 / 師:今野 貞一
[2026/5/27 6:35:27]   [1回新潟8日 6R] レース一覧へ戻る...
[2026/5/27 6:35:28]   [1回新潟8日 7R] 単複ページへ遷移... (XXX 4歳以上1勝クラス若手騎手)
[2026/5/27 6:35:31]   [1回新潟8日 7R] 15頭取得
[2026/5/27 6:35:31]     馬番 1 枠1 ナインオブレター / 騎手:石神 深道 / 師:佐藤 吉勝
[2026/5/27 6:35:31]     馬番 2 枠2 メイショウサトノヒ / 騎手:河原田 菜々 / 師:長谷川 浩大
[2026/5/27 6:35:31]     馬番 3 枠2 キャットテイル / 騎手:西塚 洸二 / 師:野中 賢二
[2026/5/27 6:35:31]     馬番 4 枠3 ブルージュ / 騎手:永島 まなみ / 師:浅利 英明
[2026/5/27 6:35:31]     馬番 5 枠3 ディーエストッキー / 騎手:小沢 大仁 / 師:橋口 慎介
[2026/5/27 6:35:31]     馬番 6 枠4 サイモンプレジール / 騎手:水沼 元輝 / 師:加藤 和宏
[2026/5/27 6:35:31]     馬番 7 枠4 チェルシー / 騎手:小林 美駒 / 師:中舘 英二
[2026/5/27 6:35:31]     馬番 8 枠5 ゼットスパンキー / 騎手:森田 誠也 / 師:宮 徹
[2026/5/27 6:35:31]     馬番 9 枠5 ヴィヴァシャス / 騎手:古川 奈穂 / 師:笹田 和秀
[2026/5/27 6:35:31]     馬番10 枠6 ミライハーモニー / 騎手:松本 大輝 / 師:飯田 祐史
[2026/5/27 6:35:31]     馬番11 枠6 パッションディーバ / 騎手:佐藤 翔馬 / 師:武藤 善則
[2026/5/27 6:35:31]     馬番12 枠7 ダディーズグーグー / 騎手:川端 海翼 / 師:畑端 省吾
[2026/5/27 6:35:31]     馬番13 枠7 オンサイト / 騎手:大久保 友雅 / 師:岩戸 孝樹
[2026/5/27 6:35:31]     馬番14 枠8 リッキースタイル / 騎手:舟山 瑠泉 / 師:水野 貴広
[2026/5/27 6:35:31]     馬番15 枠8 グランデスフィーダ / 騎手:横山 琉人 / 師:佐藤 悠太
[2026/5/27 6:35:31]   [1回新潟8日 7R] レース一覧へ戻る...
[2026/5/27 6:35:32]   [1回新潟8日 8R] 単複ページへ遷移... (XXX 4歳以上1勝クラス（混合）［指定］)
[2026/5/27 6:35:35]   [1回新潟8日 8R] 16頭取得
[2026/5/27 6:35:35]     馬番 1 枠1 ナムラトロム / 騎手:武藤 雅 / 師:石栗 龍彦
[2026/5/27 6:35:35]     馬番 2 枠1 デボラ / 騎手:小崎 綾也 / 師:柴田 卓
[2026/5/27 6:35:35]     馬番 3 枠2 ユメシバイ / 騎手:小林 美駒 / 師:松永 幹夫
[2026/5/27 6:35:35]     馬番 4 枠2 フォルトレス / 騎手:菊沢 一樹 / 師:田中 剛
[2026/5/27 6:35:35]     馬番 5 枠3 エコロハート / 騎手:亀田 温心 / 師:須貝 尚介
[2026/5/27 6:35:35]     馬番 6 枠3 セイプリーズ / 騎手:上里 直汰 / 師:宮 徹
[2026/5/27 6:35:35]     馬番 7 枠4 スカイブルー / 騎手:和田 陽希 / 師:佐藤 悠太
[2026/5/27 6:35:35]     馬番 8 枠4 ルージュベルベット / 騎手:F.ゴンサルベス / 師:浅利 英明
[2026/5/27 6:35:35]     馬番 9 枠5 セガンティーニ / 騎手:石川 裕紀人 / 師:坂口 智康
[2026/5/27 6:35:35]     馬番10 枠5 インターポーザー / 騎手:小沢 大仁 / 師:高野 友和
[2026/5/27 6:35:35]     馬番11 枠6 フェゲフォイア / 騎手:柴田 裕一郎 / 師:岡田 稲男
[2026/5/27 6:35:35]     馬番12 枠6 アーサーズウェイン / 騎手:横山 琉人 / 師:高橋 一哉
[2026/5/27 6:35:35]     馬番13 枠7 キタノクニカラ / 騎手:遠藤 汰月 / 師:奥平 雅士
[2026/5/27 6:35:35]     馬番14 枠7 スプリングデイ / 騎手:黛 弘人 / 師:伊藤 大士
[2026/5/27 6:35:35]     馬番15 枠8 ライングッドマン / 騎手:佐藤 翔馬 / 師:武藤 善則
[2026/5/27 6:35:35]     馬番16 枠8 オメガストリーム / 騎手:丸田 恭介 / 師:田中 勝春
[2026/5/27 6:35:35]   [1回新潟8日 8R] レース一覧へ戻る...
[2026/5/27 6:35:37]   [1回新潟8日 9R] 単複ページへ遷移... (XXX 二王子特別)
[2026/5/27 6:35:40]   [1回新潟8日 9R] 14頭取得
[2026/5/27 6:35:40]     馬番 1 枠1 レゼールドラペ / 騎手:石神 深道 / 師:松尾 卓哉
[2026/5/27 6:35:40]     馬番 2 枠2 ケイツークローン / 騎手:菊沢 一樹 / 師:清水 英克
[2026/5/27 6:35:40]     馬番 3 枠3 テンドリームガール / 騎手:武藤 雅 / 師:矢野 英一
[2026/5/27 6:35:40]     馬番 4 枠3 サイコウダネ / 騎手:江田 照男 / 師:天間 昭一
[2026/5/27 6:35:40]     馬番 5 枠4 シアブリス / 騎手:石川 裕紀人 / 師:手塚 貴徳
[2026/5/27 6:35:40]     馬番 6 枠4 アウローラシエル / 騎手:小林 美駒 / 師:森田 直行
[2026/5/27 6:35:40]     馬番 7 枠5 ナムラブーニン / 騎手:舟山 瑠泉 / 師:高橋 一哉
[2026/5/27 6:35:40]     馬番 8 枠5 コスモアチーブ / 騎手:横山 琉人 / 師:相沢 郁
[2026/5/27 6:35:40]     馬番 9 枠6 マイネルアレス / 騎手:丹内 祐次 / 師:相沢 郁
[2026/5/27 6:35:40]     馬番10 枠6 カーメルタザイト / 騎手:斎藤 新 / 師:安田 翔伍
[2026/5/27 6:35:40]     馬番11 枠7 シャインバオバブ / 騎手:丸山 元気 / 師:本田 優
[2026/5/27 6:35:40]     馬番12 枠7 サトノラポール / 騎手:F.ゴンサルベス / 師:鹿戸 雄一
[2026/5/27 6:35:40]     馬番13 枠8 メイショウビストロ / 騎手:荻野 極 / 師:岡田 稲男
[2026/5/27 6:35:40]     馬番14 枠8 オーバースタンド / 騎手:小崎 綾也 / 師:小崎 憲
[2026/5/27 6:35:40]   [1回新潟8日 9R] レース一覧へ戻る...
[2026/5/27 6:35:41]   [1回新潟8日 10R] 単複ページへ遷移... (XXX 火打山特別)
[2026/5/27 6:35:44]   [1回新潟8日 10R] 15頭取得
[2026/5/27 6:35:44]     馬番 1 枠1 ダズリングダンス / 騎手:川須 栄彦 / 師:小椋 研介
[2026/5/27 6:35:44]     馬番 2 枠2 アイアムイチバン / 騎手:石川 裕紀人 / 師:奥平 雅士
[2026/5/27 6:35:44]     馬番 3 枠2 セレジェイラ / 騎手:亀田 温心 / 師:西村 真幸
[2026/5/27 6:35:44]     馬番 4 枠3 バンディート / 騎手:杉原 誠人 / 師:東田 明士
[2026/5/27 6:35:44]     馬番 5 枠3 ゲーベル / 騎手:西塚 洸二 / 師:渡辺 薫彦
[2026/5/27 6:35:44]     馬番 6 枠4 シュバルツガイスト / 騎手:横山 琉人 / 師:手塚 貴徳
[2026/5/27 6:35:44]     馬番 7 枠4 ビッグドリーム / 騎手:斎藤 新 / 師:西園 翔太
[2026/5/27 6:35:44]     馬番 8 枠5 ロッカバイベイビー / 騎手:佐藤 翔馬 / 師:伊藤 圭三
[2026/5/27 6:35:44]     馬番 9 枠5 シルフズミスチーフ / 騎手:荻野 極 / 師:池江 泰寿
[2026/5/27 6:35:44]     馬番10 枠6 セルヴァンス / 騎手:長岡 禎仁 / 師:小椋 研介
[2026/5/27 6:35:44]     馬番11 枠6 テセラリアン / 騎手:丹内 祐次 / 師:鈴木 慎太郎
[2026/5/27 6:35:44]     馬番12 枠7 ミスエル / 騎手:菊沢 一樹 / 師:菊沢 隆徳
[2026/5/27 6:35:44]     馬番13 枠7 レイアポポ / 騎手:武藤 雅 / 師:青木 孝文
[2026/5/27 6:35:44]     馬番14 枠8 ピコテンダー / 騎手:舟山 瑠泉 / 師:上原 佑紀
[2026/5/27 6:35:44]     馬番15 枠8 キングクー / 騎手:江田 照男 / 師:室井 潔
[2026/5/27 6:35:44]   [1回新潟8日 10R] レース一覧へ戻る...
[2026/5/27 6:35:45]   [1回新潟8日 11R] 単複ページへ遷移... (XXX 韋駄天ステークス)
[2026/5/27 6:35:48]   [1回新潟8日 11R] 16頭取得
[2026/5/27 6:35:48]     馬番 1 枠1 ベイビーキッス / 騎手:横山 琉人 / 師:青木 孝文
[2026/5/27 6:35:48]     馬番 2 枠1 オーブルクール / 騎手:丹内 祐次 / 師:矢野 英一
[2026/5/27 6:35:48]     馬番 3 枠2 テイエムリステット / 騎手:川須 栄彦 / 師:秋山 真一郎
[2026/5/27 6:35:48]     馬番 4 枠2 ディヴィナシオン / 騎手:丸山 元気 / 師:森 秀行
[2026/5/27 6:35:48]     馬番 5 枠3 テイエムスパーダ / 騎手:荻野 極 / 師:小椋 研介
[2026/5/27 6:35:48]     馬番 6 枠3 モズナナスター / 騎手:F.ゴンサルベス / 師:矢作 芳人
[2026/5/27 6:35:48]     馬番 7 枠4 クムシラコ / 騎手:黛 弘人 / 師:千葉 直人
[2026/5/27 6:35:48]     馬番 8 枠4 シュラフ / 騎手:嶋田 純次 / 師:佐藤 吉勝
[2026/5/27 6:35:48]     馬番 9 枠5 エコロレジーナ / 騎手:菊沢 一樹 / 師:菊沢 隆徳
[2026/5/27 6:35:48]     馬番10 枠5 バグラダス / 騎手:杉原 誠人 / 師:嘉藤 貴行
[2026/5/27 6:35:48]     馬番11 枠6 タツダイヤモンド / 騎手:丸田 恭介 / 師:的場 均
[2026/5/27 6:35:48]     馬番12 枠6 デュガ / 騎手:江田 照男 / 師:森 秀行
[2026/5/27 6:35:48]     馬番13 枠7 シークレットヴァウ / 騎手:武藤 雅 / 師:武藤 善則
[2026/5/27 6:35:48]     馬番14 枠7 アメリカンステージ / 騎手:富田 暁 / 師:矢作 芳人
[2026/5/27 6:35:48]     馬番15 枠8 ナスノカンゲツ / 騎手:小崎 綾也 / 師:武井 亮
[2026/5/27 6:35:48]     馬番16 枠8 ハートホイップ / 騎手:石田 拓郎 / 師:蛯名 利弘
[2026/5/27 6:35:48]   [1回新潟8日 11R] レース一覧へ戻る...
[2026/5/27 6:35:49]   [1回新潟8日 12R] 単複ページへ遷移... (XXX 4歳以上1勝クラス[指定])
[2026/5/27 6:35:52]   [1回新潟8日 12R] 15頭取得
[2026/5/27 6:35:52]     馬番 1 枠1 マテンロウノカゼ / 騎手:丸山 元気 / 師:昆 貢
[2026/5/27 6:35:52]     馬番 2 枠2 カレンラップスター / 騎手:松本 大輝 / 師:小林 真也
[2026/5/27 6:35:52]     馬番 3 枠2 メイショウクモイ / 騎手:和田 陽希 / 師:飯田 祐史
[2026/5/27 6:35:52]     馬番 4 枠3 ブルージャイアント / 騎手:江田 照男 / 師:蛯名 正義
[2026/5/27 6:35:52]     馬番 5 枠3 マテンロウミラクル / 騎手:富田 暁 / 師:柴田 卓
[2026/5/27 6:35:52]     馬番 6 枠4 コスモシェルベット / 騎手:石神 深道 / 師:水野 貴広
[2026/5/27 6:35:52]     馬番 7 枠4 プルメリアクヒオ / 騎手:菊沢 一樹 / 師:深山 雅史
[2026/5/27 6:35:52]     馬番 8 枠5 イエローブリック / 騎手:森田 誠也 / 師:奥村 豊
[2026/5/27 6:35:52]     馬番 9 枠5 ヤマカツレオン / 騎手:川端 海翼 / 師:谷 潔
[2026/5/27 6:35:52]     馬番10 枠6 ローズマイスター / 騎手:丹内 祐次 / 師:黒岩 陽一
[2026/5/27 6:35:52]     馬番11 枠6 タルタロス / 騎手:石田 拓郎 / 師:天間 昭一
[2026/5/27 6:35:52]     馬番12 枠7 ニシノケンタマン / 騎手:西塚 洸二 / 師:深山 雅史
[2026/5/27 6:35:52]     馬番13 枠7 アバレリュウ / 騎手:野中 悠太郎 / 師:鈴木 慎太郎
[2026/5/27 6:35:52]     馬番14 枠8 チビノシエラザード / 騎手:F.ゴンサルベス / 師:和田 勇介
[2026/5/27 6:35:52]     馬番15 枠8 ジーヴル / 騎手:小林 美駒 / 師:畑端 省吾
[2026/5/27 6:35:52]   [1回新潟8日 12R] レース一覧へ戻る...
[2026/5/27 6:35:54]   1回新潟8日 全レース完了 → 開催選択へ戻る
[2026/5/27 6:35:57] 
[2026/5/27 6:35:57] ================================================================
[2026/5/27 6:35:57] スクレイピング完了
[2026/5/27 6:35:57]   開催 (schedules): 6件
[2026/5/27 6:35:57]   レース (races):   72件
[2026/5/27 6:35:57]   馬 (horses):      1075件
[2026/5/27 6:35:57] ================================================================
 6:35:57]   馬 (horses):      1075件
[2026/5/27 6:35:57] ================================================================
